<?xml version="1.0" encoding="UTF-8"?>
<testsuites>
  <testsuite name="/Users/kapasifulop/Documents/projektek/localized-routes-plus/phpunit.xml" tests="29" assertions="359" errors="0" failures="2" skipped="0" time="0.190912">
    <testsuite name="LocalizedRoutesPlus Test Suite" tests="29" assertions="359" errors="0" failures="2" skipped="0" time="0.190912">
      <testsuite name="Tests\Feature\DomainRoutesTest" file="tests/Feature/DomainRoutesTest.php" tests="13" assertions="254" errors="0" failures="2" skipped="0" time="0.144075">
        <testcase name="it Works with subdomain DELETE routes" file="tests/Feature/DomainRoutesTest.php::it Works with subdomain DELETE routes" class="Tests\Feature\DomainRoutesTest" classname="Tests.Feature.DomainRoutesTest" assertions="12" time="0.099444"/>
        <testcase name="it Works with subdomain POST routes" file="tests/Feature/DomainRoutesTest.php::it Works with subdomain POST routes" class="Tests\Feature\DomainRoutesTest" classname="Tests.Feature.DomainRoutesTest" assertions="12" time="0.003043"/>
        <testcase name="it Works with subdomain PUT routes" file="tests/Feature/DomainRoutesTest.php::it Works with subdomain PUT routes" class="Tests\Feature\DomainRoutesTest" classname="Tests.Feature.DomainRoutesTest" assertions="12" time="0.002593"/>
        <testcase name="it Works with subdomain OPTIONS routes" file="tests/Feature/DomainRoutesTest.php::it Works with subdomain OPTIONS routes" class="Tests\Feature\DomainRoutesTest" classname="Tests.Feature.DomainRoutesTest" assertions="12" time="0.002747"/>
        <testcase name="it Works with subdomain PATCH routes" file="tests/Feature/DomainRoutesTest.php::it Works with subdomain PATCH routes" class="Tests\Feature\DomainRoutesTest" classname="Tests.Feature.DomainRoutesTest" assertions="12" time="0.002845"/>
        <testcase name="it Works with subdomain ANY routes" file="tests/Feature/DomainRoutesTest.php::it Works with subdomain ANY routes" class="Tests\Feature\DomainRoutesTest" classname="Tests.Feature.DomainRoutesTest" assertions="12" time="0.002895"/>
        <testcase name="it Works with subdomain Resource routes with custom prefix" file="tests/Feature/DomainRoutesTest.php::it Works with subdomain Resource routes with custom prefix" class="Tests\Feature\DomainRoutesTest" classname="Tests.Feature.DomainRoutesTest" assertions="37" time="0.012247">
          <failure type="PHPUnit\Framework\ExpectationFailedException">it Works with subdomain Resource routes with custom prefixFailed asserting that two arrays are identical.
at tests/Feature/DomainRoutesTest.php:289</failure>
        </testcase>
        <testcase name="it Works with subdomain Resource routes" file="tests/Feature/DomainRoutesTest.php::it Works with subdomain Resource routes" class="Tests\Feature\DomainRoutesTest" classname="Tests.Feature.DomainRoutesTest" assertions="28" time="0.003482"/>
        <testcase name="it Works with subdomain Resource routes with localizedExcept" file="tests/Feature/DomainRoutesTest.php::it Works with subdomain Resource routes with localizedExcept" class="Tests\Feature\DomainRoutesTest" classname="Tests.Feature.DomainRoutesTest" assertions="35" time="0.003066"/>
        <testcase name="it Works with multiple subdomain for single language" file="tests/Feature/DomainRoutesTest.php::it Works with multiple subdomain for single language" class="Tests\Feature\DomainRoutesTest" classname="Tests.Feature.DomainRoutesTest" assertions="6" time="0.002710"/>
        <testcase name="it Works with subdomain GET routes" file="tests/Feature/DomainRoutesTest.php::it Works with subdomain GET routes" class="Tests\Feature\DomainRoutesTest" classname="Tests.Feature.DomainRoutesTest" assertions="12" time="0.002571"/>
        <testcase name="it Works with multiple subdomain for single language Resource routes with custom prefix and localizedExcept" file="tests/Feature/DomainRoutesTest.php::it Works with multiple subdomain for single language Resource routes with custom prefix and localizedExcept" class="Tests\Feature\DomainRoutesTest" classname="Tests.Feature.DomainRoutesTest" assertions="29" time="0.003363">
          <failure type="PHPUnit\Framework\ExpectationFailedException">it Works with multiple subdomain for single language Resource routes with custom prefix and localizedExceptFailed asserting that two arrays are identical.
at tests/Feature/DomainRoutesTest.php:471</failure>
        </testcase>
        <testcase name="it Works with subdomain Resource routes with custom prefix and localizedExcept" file="tests/Feature/DomainRoutesTest.php::it Works with subdomain Resource routes with custom prefix and localizedExcept" class="Tests\Feature\DomainRoutesTest" classname="Tests.Feature.DomainRoutesTest" assertions="35" time="0.003069"/>
      </testsuite>
      <testsuite name="Tests\Feature\LocalizedRoutesTest" file="tests/Feature/LocalizedRoutesTest.php" tests="16" assertions="105" errors="0" failures="0" skipped="0" time="0.046836">
        <testcase name="it works with POST routes" file="tests/Feature/LocalizedRoutesTest.php::it works with POST routes" class="Tests\Feature\LocalizedRoutesTest" classname="Tests.Feature.LocalizedRoutesTest" assertions="4" time="0.007956"/>
        <testcase name="it can chain localized method after Route::get" file="tests/Feature/LocalizedRoutesTest.php::it can chain localized method after Route::get" class="Tests\Feature\LocalizedRoutesTest" classname="Tests.Feature.LocalizedRoutesTest" assertions="1" time="0.002700"/>
        <testcase name="it works with different call order" file="tests/Feature/LocalizedRoutesTest.php::it works with different call order" class="Tests\Feature\LocalizedRoutesTest" classname="Tests.Feature.LocalizedRoutesTest" assertions="2" time="0.002567"/>
        <testcase name="it works with Route::match" file="tests/Feature/LocalizedRoutesTest.php::it works with Route::match" class="Tests\Feature\LocalizedRoutesTest" classname="Tests.Feature.LocalizedRoutesTest" assertions="3" time="0.002405"/>
        <testcase name="it works with PUT routes" file="tests/Feature/LocalizedRoutesTest.php::it works with PUT routes" class="Tests\Feature\LocalizedRoutesTest" classname="Tests.Feature.LocalizedRoutesTest" assertions="3" time="0.002447"/>
        <testcase name="resource routes create routes for all locales with custom prefix" file="tests/Feature/LocalizedRoutesTest.php::resource routes create routes for all locales with custom prefix" class="Tests\Feature\LocalizedRoutesTest" classname="Tests.Feature.LocalizedRoutesTest" assertions="28" time="0.002759"/>
        <testcase name="it works with PATCH routes" file="tests/Feature/LocalizedRoutesTest.php::it works with PATCH routes" class="Tests\Feature\LocalizedRoutesTest" classname="Tests.Feature.LocalizedRoutesTest" assertions="2" time="0.002403"/>
        <testcase name="can get route uri for specific locale" file="tests/Feature/LocalizedRoutesTest.php::can get route uri for specific locale" class="Tests\Feature\LocalizedRoutesTest" classname="Tests.Feature.LocalizedRoutesTest" assertions="2" time="0.002603"/>
        <testcase name="it creates routes for all locales" file="tests/Feature/LocalizedRoutesTest.php::it creates routes for all locales" class="Tests\Feature\LocalizedRoutesTest" classname="Tests.Feature.LocalizedRoutesTest" assertions="4" time="0.002444"/>
        <testcase name="it set localized route name" file="tests/Feature/LocalizedRoutesTest.php::it set localized route name" class="Tests\Feature\LocalizedRoutesTest" classname="Tests.Feature.LocalizedRoutesTest" assertions="1" time="0.002399"/>
        <testcase name="resource routes create routes for all locales" file="tests/Feature/LocalizedRoutesTest.php::resource routes create routes for all locales" class="Tests\Feature\LocalizedRoutesTest" classname="Tests.Feature.LocalizedRoutesTest" assertions="14" time="0.002669"/>
        <testcase name="resource routes create routes for all locales with custom prefix and use_route_prefix_in_default_locale is true" file="tests/Feature/LocalizedRoutesTest.php::resource routes create routes for all locales with custom prefix and use_route_prefix_in_default_locale is true" class="Tests\Feature\LocalizedRoutesTest" classname="Tests.Feature.LocalizedRoutesTest" assertions="29" time="0.002894"/>
        <testcase name="resource routes with custom names create routes for all locales" file="tests/Feature/LocalizedRoutesTest.php::resource routes with custom names create routes for all locales" class="Tests\Feature\LocalizedRoutesTest" classname="Tests.Feature.LocalizedRoutesTest" assertions="4" time="0.002991"/>
        <testcase name="it works with Route::any" file="tests/Feature/LocalizedRoutesTest.php::it works with Route::any" class="Tests\Feature\LocalizedRoutesTest" classname="Tests.Feature.LocalizedRoutesTest" assertions="2" time="0.002565"/>
        <testcase name="it works with DELETE routes" file="tests/Feature/LocalizedRoutesTest.php::it works with DELETE routes" class="Tests\Feature\LocalizedRoutesTest" classname="Tests.Feature.LocalizedRoutesTest" assertions="2" time="0.002507"/>
        <testcase name="it creates routes for all locales with prefix for default locale in url enabled" file="tests/Feature/LocalizedRoutesTest.php::it creates routes for all locales with prefix for default locale in url enabled" class="Tests\Feature\LocalizedRoutesTest" classname="Tests.Feature.LocalizedRoutesTest" assertions="4" time="0.002527"/>
      </testsuite>
    </testsuite>
  </testsuite>
</testsuites>
