<?xml version="1.0" encoding="UTF-8"?>
<testsuites>
  <testsuite name="/Users/kapasifulop/Documents/projektek/localized-routes-plus/phpunit.xml" tests="16" assertions="104" errors="0" failures="0" skipped="0" time="0.099948">
    <testsuite name="LocalizedRoutesPlus Test Suite" tests="16" assertions="104" errors="0" failures="0" skipped="0" time="0.099948">
      <testsuite name="Tests\Feature\LocalizedRoutesTest" file="tests/Feature/LocalizedRoutesTest.php" tests="16" assertions="104" errors="0" failures="0" skipped="0" time="0.099948">
        <testcase name="resource routes create routes for all locales with custom prefix" file="tests/Feature/LocalizedRoutesTest.php::resource routes create routes for all locales with custom prefix" class="Tests\Feature\LocalizedRoutesTest" classname="Tests.Feature.LocalizedRoutesTest" assertions="28" time="0.058539"/>
        <testcase name="it works with POST routes" file="tests/Feature/LocalizedRoutesTest.php::it works with POST routes" class="Tests\Feature\LocalizedRoutesTest" classname="Tests.Feature.LocalizedRoutesTest" assertions="4" time="0.003276"/>
        <testcase name="it works with DELETE routes" file="tests/Feature/LocalizedRoutesTest.php::it works with DELETE routes" class="Tests\Feature\LocalizedRoutesTest" classname="Tests.Feature.LocalizedRoutesTest" assertions="2" time="0.002535"/>
        <testcase name="it works with PUT routes" file="tests/Feature/LocalizedRoutesTest.php::it works with PUT routes" class="Tests\Feature\LocalizedRoutesTest" classname="Tests.Feature.LocalizedRoutesTest" assertions="3" time="0.002460"/>
        <testcase name="resource routes create routes for all locales" file="tests/Feature/LocalizedRoutesTest.php::resource routes create routes for all locales" class="Tests\Feature\LocalizedRoutesTest" classname="Tests.Feature.LocalizedRoutesTest" assertions="14" time="0.002647"/>
        <testcase name="it works with Route::match" file="tests/Feature/LocalizedRoutesTest.php::it works with Route::match" class="Tests\Feature\LocalizedRoutesTest" classname="Tests.Feature.LocalizedRoutesTest" assertions="3" time="0.003328"/>
        <testcase name="it works with Route::any" file="tests/Feature/LocalizedRoutesTest.php::it works with Route::any" class="Tests\Feature\LocalizedRoutesTest" classname="Tests.Feature.LocalizedRoutesTest" assertions="2" time="0.002791"/>
        <testcase name="can get route uri for specific locale" file="tests/Feature/LocalizedRoutesTest.php::can get route uri for specific locale" class="Tests\Feature\LocalizedRoutesTest" classname="Tests.Feature.LocalizedRoutesTest" assertions="2" time="0.002753"/>
        <testcase name="resource routes with custom names create routes for all locales" file="tests/Feature/LocalizedRoutesTest.php::resource routes with custom names create routes for all locales" class="Tests\Feature\LocalizedRoutesTest" classname="Tests.Feature.LocalizedRoutesTest" assertions="4" time="0.002618"/>
        <testcase name="it set localized route name" file="tests/Feature/LocalizedRoutesTest.php::it set localized route name" class="Tests\Feature\LocalizedRoutesTest" classname="Tests.Feature.LocalizedRoutesTest" assertions="1" time="0.002439"/>
        <testcase name="it can chain localized method after Route::get" file="tests/Feature/LocalizedRoutesTest.php::it can chain localized method after Route::get" class="Tests\Feature\LocalizedRoutesTest" classname="Tests.Feature.LocalizedRoutesTest" assertions="1" time="0.002536"/>
        <testcase name="it creates routes for all locales with prefix for default locale in url enabled" file="tests/Feature/LocalizedRoutesTest.php::it creates routes for all locales with prefix for default locale in url enabled" class="Tests\Feature\LocalizedRoutesTest" classname="Tests.Feature.LocalizedRoutesTest" assertions="4" time="0.002629"/>
        <testcase name="it works with PATCH routes" file="tests/Feature/LocalizedRoutesTest.php::it works with PATCH routes" class="Tests\Feature\LocalizedRoutesTest" classname="Tests.Feature.LocalizedRoutesTest" assertions="2" time="0.003089"/>
        <testcase name="it creates routes for all locales" file="tests/Feature/LocalizedRoutesTest.php::it creates routes for all locales" class="Tests\Feature\LocalizedRoutesTest" classname="Tests.Feature.LocalizedRoutesTest" assertions="4" time="0.002587"/>
        <testcase name="resource routes create routes for all locales with custom prefix and use_route_prefix_in_default_locale is true" file="tests/Feature/LocalizedRoutesTest.php::resource routes create routes for all locales with custom prefix and use_route_prefix_in_default_locale is true" class="Tests\Feature\LocalizedRoutesTest" classname="Tests.Feature.LocalizedRoutesTest" assertions="28" time="0.002736"/>
        <testcase name="it works with different call order" file="tests/Feature/LocalizedRoutesTest.php::it works with different call order" class="Tests\Feature\LocalizedRoutesTest" classname="Tests.Feature.LocalizedRoutesTest" assertions="2" time="0.002985"/>
      </testsuite>
    </testsuite>
  </testsuite>
</testsuites>
