<?xml version="1.0" encoding="UTF-8"?>
<testsuites>
  <testsuite name="/Users/kapasifulop/Documents/projektek/localized-routes-plus/phpunit.xml" tests="29" assertions="359" errors="0" failures="2" skipped="0" time="0.153438">
    <testsuite name="LocalizedRoutesPlus Test Suite" tests="29" assertions="359" errors="0" failures="2" skipped="0" time="0.153438">
      <testsuite name="Tests\Feature\LocalizedRoutesTest" file="tests/Feature/LocalizedRoutesTest.php" tests="16" assertions="105" errors="0" failures="0" skipped="0" time="0.102678">
        <testcase name="it works with Route::match" file="tests/Feature/LocalizedRoutesTest.php::it works with Route::match" class="Tests\Feature\LocalizedRoutesTest" classname="Tests.Feature.LocalizedRoutesTest" assertions="3" time="0.055841"/>
        <testcase name="it set localized route name" file="tests/Feature/LocalizedRoutesTest.php::it set localized route name" class="Tests\Feature\LocalizedRoutesTest" classname="Tests.Feature.LocalizedRoutesTest" assertions="1" time="0.002793"/>
        <testcase name="resource routes with custom names create routes for all locales" file="tests/Feature/LocalizedRoutesTest.php::resource routes with custom names create routes for all locales" class="Tests\Feature\LocalizedRoutesTest" classname="Tests.Feature.LocalizedRoutesTest" assertions="4" time="0.005619"/>
        <testcase name="it can chain localized method after Route::get" file="tests/Feature/LocalizedRoutesTest.php::it can chain localized method after Route::get" class="Tests\Feature\LocalizedRoutesTest" classname="Tests.Feature.LocalizedRoutesTest" assertions="1" time="0.003151"/>
        <testcase name="resource routes create routes for all locales with custom prefix" file="tests/Feature/LocalizedRoutesTest.php::resource routes create routes for all locales with custom prefix" class="Tests\Feature\LocalizedRoutesTest" classname="Tests.Feature.LocalizedRoutesTest" assertions="28" time="0.004754"/>
        <testcase name="resource routes create routes for all locales with custom prefix and use_route_prefix_in_default_locale is true" file="tests/Feature/LocalizedRoutesTest.php::resource routes create routes for all locales with custom prefix and use_route_prefix_in_default_locale is true" class="Tests\Feature\LocalizedRoutesTest" classname="Tests.Feature.LocalizedRoutesTest" assertions="29" time="0.002800"/>
        <testcase name="it works with different call order" file="tests/Feature/LocalizedRoutesTest.php::it works with different call order" class="Tests\Feature\LocalizedRoutesTest" classname="Tests.Feature.LocalizedRoutesTest" assertions="2" time="0.002415"/>
        <testcase name="it creates routes for all locales" file="tests/Feature/LocalizedRoutesTest.php::it creates routes for all locales" class="Tests\Feature\LocalizedRoutesTest" classname="Tests.Feature.LocalizedRoutesTest" assertions="4" time="0.002404"/>
        <testcase name="resource routes create routes for all locales" file="tests/Feature/LocalizedRoutesTest.php::resource routes create routes for all locales" class="Tests\Feature\LocalizedRoutesTest" classname="Tests.Feature.LocalizedRoutesTest" assertions="14" time="0.003370"/>
        <testcase name="it works with Route::any" file="tests/Feature/LocalizedRoutesTest.php::it works with Route::any" class="Tests\Feature\LocalizedRoutesTest" classname="Tests.Feature.LocalizedRoutesTest" assertions="2" time="0.002910"/>
        <testcase name="it works with PATCH routes" file="tests/Feature/LocalizedRoutesTest.php::it works with PATCH routes" class="Tests\Feature\LocalizedRoutesTest" classname="Tests.Feature.LocalizedRoutesTest" assertions="2" time="0.002543"/>
        <testcase name="it creates routes for all locales with prefix for default locale in url enabled" file="tests/Feature/LocalizedRoutesTest.php::it creates routes for all locales with prefix for default locale in url enabled" class="Tests\Feature\LocalizedRoutesTest" classname="Tests.Feature.LocalizedRoutesTest" assertions="4" time="0.002932"/>
        <testcase name="can get route uri for specific locale" file="tests/Feature/LocalizedRoutesTest.php::can get route uri for specific locale" class="Tests\Feature\LocalizedRoutesTest" classname="Tests.Feature.LocalizedRoutesTest" assertions="2" time="0.003425"/>
        <testcase name="it works with PUT routes" file="tests/Feature/LocalizedRoutesTest.php::it works with PUT routes" class="Tests\Feature\LocalizedRoutesTest" classname="Tests.Feature.LocalizedRoutesTest" assertions="3" time="0.002688"/>
        <testcase name="it works with POST routes" file="tests/Feature/LocalizedRoutesTest.php::it works with POST routes" class="Tests\Feature\LocalizedRoutesTest" classname="Tests.Feature.LocalizedRoutesTest" assertions="4" time="0.002523"/>
        <testcase name="it works with DELETE routes" file="tests/Feature/LocalizedRoutesTest.php::it works with DELETE routes" class="Tests\Feature\LocalizedRoutesTest" classname="Tests.Feature.LocalizedRoutesTest" assertions="2" time="0.002510"/>
      </testsuite>
      <testsuite name="Tests\Feature\DomainRoutesTest" file="tests/Feature/DomainRoutesTest.php" tests="13" assertions="254" errors="0" failures="2" skipped="0" time="0.050760">
        <testcase name="it Works with subdomain Resource routes" file="tests/Feature/DomainRoutesTest.php::it Works with subdomain Resource routes" class="Tests\Feature\DomainRoutesTest" classname="Tests.Feature.DomainRoutesTest" assertions="28" time="0.008126"/>
        <testcase name="it Works with subdomain PUT routes" file="tests/Feature/DomainRoutesTest.php::it Works with subdomain PUT routes" class="Tests\Feature\DomainRoutesTest" classname="Tests.Feature.DomainRoutesTest" assertions="12" time="0.003383"/>
        <testcase name="it Works with subdomain GET routes" file="tests/Feature/DomainRoutesTest.php::it Works with subdomain GET routes" class="Tests\Feature\DomainRoutesTest" classname="Tests.Feature.DomainRoutesTest" assertions="12" time="0.003390"/>
        <testcase name="it Works with subdomain ANY routes" file="tests/Feature/DomainRoutesTest.php::it Works with subdomain ANY routes" class="Tests\Feature\DomainRoutesTest" classname="Tests.Feature.DomainRoutesTest" assertions="12" time="0.002800"/>
        <testcase name="it Works with subdomain Resource routes with localizedExcept" file="tests/Feature/DomainRoutesTest.php::it Works with subdomain Resource routes with localizedExcept" class="Tests\Feature\DomainRoutesTest" classname="Tests.Feature.DomainRoutesTest" assertions="35" time="0.003033"/>
        <testcase name="it Works with subdomain Resource routes with custom prefix" file="tests/Feature/DomainRoutesTest.php::it Works with subdomain Resource routes with custom prefix" class="Tests\Feature\DomainRoutesTest" classname="Tests.Feature.DomainRoutesTest" assertions="37" time="0.006648">
          <failure type="PHPUnit\Framework\ExpectationFailedException">it Works with subdomain Resource routes with custom prefixFailed asserting that two arrays are identical.
at tests/Feature/DomainRoutesTest.php:289</failure>
        </testcase>
        <testcase name="it Works with subdomain POST routes" file="tests/Feature/DomainRoutesTest.php::it Works with subdomain POST routes" class="Tests\Feature\DomainRoutesTest" classname="Tests.Feature.DomainRoutesTest" assertions="12" time="0.002944"/>
        <testcase name="it Works with multiple subdomain for single language Resource routes with custom prefix and localizedExcept" file="tests/Feature/DomainRoutesTest.php::it Works with multiple subdomain for single language Resource routes with custom prefix and localizedExcept" class="Tests\Feature\DomainRoutesTest" classname="Tests.Feature.DomainRoutesTest" assertions="29" time="0.003977">
          <failure type="PHPUnit\Framework\ExpectationFailedException">it Works with multiple subdomain for single language Resource routes with custom prefix and localizedExceptFailed asserting that two arrays are identical.
at tests/Feature/DomainRoutesTest.php:471</failure>
        </testcase>
        <testcase name="it Works with subdomain PATCH routes" file="tests/Feature/DomainRoutesTest.php::it Works with subdomain PATCH routes" class="Tests\Feature\DomainRoutesTest" classname="Tests.Feature.DomainRoutesTest" assertions="12" time="0.003266"/>
        <testcase name="it Works with subdomain OPTIONS routes" file="tests/Feature/DomainRoutesTest.php::it Works with subdomain OPTIONS routes" class="Tests\Feature\DomainRoutesTest" classname="Tests.Feature.DomainRoutesTest" assertions="12" time="0.002840"/>
        <testcase name="it Works with subdomain Resource routes with custom prefix and localizedExcept" file="tests/Feature/DomainRoutesTest.php::it Works with subdomain Resource routes with custom prefix and localizedExcept" class="Tests\Feature\DomainRoutesTest" classname="Tests.Feature.DomainRoutesTest" assertions="35" time="0.003785"/>
        <testcase name="it Works with subdomain DELETE routes" file="tests/Feature/DomainRoutesTest.php::it Works with subdomain DELETE routes" class="Tests\Feature\DomainRoutesTest" classname="Tests.Feature.DomainRoutesTest" assertions="12" time="0.003534"/>
        <testcase name="it Works with multiple subdomain for single language" file="tests/Feature/DomainRoutesTest.php::it Works with multiple subdomain for single language" class="Tests\Feature\DomainRoutesTest" classname="Tests.Feature.DomainRoutesTest" assertions="6" time="0.003033"/>
      </testsuite>
    </testsuite>
  </testsuite>
</testsuites>
