<?xml version="1.0" encoding="UTF-8"?>
<testsuites>
  <testsuite name="/Users/kapasifulop/Documents/projektek/localized-routes-plus/phpunit.xml" tests="48" assertions="579" errors="0" failures="0" skipped="0" time="0.182078">
    <testsuite name="LocalizedRoutesPlus Test Suite" tests="48" assertions="579" errors="0" failures="0" skipped="0" time="0.182078">
      <testsuite name="Tests\Feature\DomainRoutesTest" file="tests/Feature/DomainRoutesTest.php" tests="13" assertions="408" errors="0" failures="0" skipped="0" time="0.085735">
        <testcase name="it Works with subdomain ANY routes" file="tests/Feature/DomainRoutesTest.php::it Works with subdomain ANY routes" class="Tests\Feature\DomainRoutesTest" classname="Tests.Feature.DomainRoutesTest" assertions="12" time="0.049979"/>
        <testcase name="it Works with subdomain Resource routes with custom prefix" file="tests/Feature/DomainRoutesTest.php::it Works with subdomain Resource routes with custom prefix" class="Tests\Feature\DomainRoutesTest" classname="Tests.Feature.DomainRoutesTest" assertions="37" time="0.005317"/>
        <testcase name="it Works with subdomain Resource routes with localizedExcept" file="tests/Feature/DomainRoutesTest.php::it Works with subdomain Resource routes with localizedExcept" class="Tests\Feature\DomainRoutesTest" classname="Tests.Feature.DomainRoutesTest" assertions="70" time="0.003301"/>
        <testcase name="it Works with subdomain Resource routes with custom prefix and localizedExcept" file="tests/Feature/DomainRoutesTest.php::it Works with subdomain Resource routes with custom prefix and localizedExcept" class="Tests\Feature\DomainRoutesTest" classname="Tests.Feature.DomainRoutesTest" assertions="70" time="0.003110"/>
        <testcase name="it Works with subdomain PUT routes" file="tests/Feature/DomainRoutesTest.php::it Works with subdomain PUT routes" class="Tests\Feature\DomainRoutesTest" classname="Tests.Feature.DomainRoutesTest" assertions="12" time="0.002451"/>
        <testcase name="it Works with subdomain Resource routes" file="tests/Feature/DomainRoutesTest.php::it Works with subdomain Resource routes" class="Tests\Feature\DomainRoutesTest" classname="Tests.Feature.DomainRoutesTest" assertions="84" time="0.003207"/>
        <testcase name="it Works with subdomain DELETE routes" file="tests/Feature/DomainRoutesTest.php::it Works with subdomain DELETE routes" class="Tests\Feature\DomainRoutesTest" classname="Tests.Feature.DomainRoutesTest" assertions="12" time="0.002469"/>
        <testcase name="it Works with subdomain POST routes" file="tests/Feature/DomainRoutesTest.php::it Works with subdomain POST routes" class="Tests\Feature\DomainRoutesTest" classname="Tests.Feature.DomainRoutesTest" assertions="12" time="0.002448"/>
        <testcase name="it Works with subdomain GET routes" file="tests/Feature/DomainRoutesTest.php::it Works with subdomain GET routes" class="Tests\Feature\DomainRoutesTest" classname="Tests.Feature.DomainRoutesTest" assertions="12" time="0.002462"/>
        <testcase name="it Works with subdomain OPTIONS routes" file="tests/Feature/DomainRoutesTest.php::it Works with subdomain OPTIONS routes" class="Tests\Feature\DomainRoutesTest" classname="Tests.Feature.DomainRoutesTest" assertions="12" time="0.002479"/>
        <testcase name="it Works with subdomain PATCH routes" file="tests/Feature/DomainRoutesTest.php::it Works with subdomain PATCH routes" class="Tests\Feature\DomainRoutesTest" classname="Tests.Feature.DomainRoutesTest" assertions="12" time="0.002528"/>
        <testcase name="it Works with multiple subdomain for single language Resource routes with custom prefix and localizedExcept" file="tests/Feature/DomainRoutesTest.php::it Works with multiple subdomain for single language Resource routes with custom prefix and localizedExcept" class="Tests\Feature\DomainRoutesTest" classname="Tests.Feature.DomainRoutesTest" assertions="57" time="0.003082"/>
        <testcase name="it Works with multiple subdomain for single language" file="tests/Feature/DomainRoutesTest.php::it Works with multiple subdomain for single language" class="Tests\Feature\DomainRoutesTest" classname="Tests.Feature.DomainRoutesTest" assertions="6" time="0.002902"/>
      </testsuite>
      <testsuite name="Tests\Feature\CountryRoutesTest" file="tests/Feature/CountryRoutesTest.php" tests="20" assertions="68" errors="0" failures="0" skipped="0" time="0.055211">
        <testcase name="it country and locale getters work correctly" file="tests/Feature/CountryRoutesTest.php::it country and locale getters work correctly" class="Tests\Feature\CountryRoutesTest" classname="Tests.Feature.CountryRoutesTest" assertions="4" time="0.006073"/>
        <testcase name="it creates routes with dash separator in URL when country_path_separator is dash" file="tests/Feature/CountryRoutesTest.php::it creates routes with dash separator in URL when country_path_separator is dash" class="Tests\Feature\CountryRoutesTest" classname="Tests.Feature.CountryRoutesTest" assertions="2" time="0.002342"/>
        <testcase name="it getUrl method throws exception when country parameter is missing with use_countries enabled" file="tests/Feature/CountryRoutesTest.php::it getUrl method throws exception when country parameter is missing with use_countries enabled" class="Tests\Feature\CountryRoutesTest" classname="Tests.Feature.CountryRoutesTest" assertions="2" time="0.002384"/>
        <testcase name="it locale method throws exception when country parameter is missing" file="tests/Feature/CountryRoutesTest.php::it locale method throws exception when country parameter is missing" class="Tests\Feature\CountryRoutesTest" classname="Tests.Feature.CountryRoutesTest" assertions="2" time="0.002373"/>
        <testcase name="it getUrl method works with countries" file="tests/Feature/CountryRoutesTest.php::it getUrl method works with countries" class="Tests\Feature\CountryRoutesTest" classname="Tests.Feature.CountryRoutesTest" assertions="1" time="0.003074"/>
        <testcase name="it works with POST routes and countries" file="tests/Feature/CountryRoutesTest.php::it works with POST routes and countries" class="Tests\Feature\CountryRoutesTest" classname="Tests.Feature.CountryRoutesTest" assertions="4" time="0.002433"/>
        <testcase name="it locale method throws exception when use_countries is false but country is provided" file="tests/Feature/CountryRoutesTest.php::it locale method throws exception when use_countries is false but country is provided" class="Tests\Feature\CountryRoutesTest" classname="Tests.Feature.CountryRoutesTest" assertions="2" time="0.002366"/>
        <testcase name="it works with PATCH routes and countries" file="tests/Feature/CountryRoutesTest.php::it works with PATCH routes and countries" class="Tests\Feature\CountryRoutesTest" classname="Tests.Feature.CountryRoutesTest" assertions="2" time="0.002370"/>
        <testcase name="it creates routes with slash separator in URL when country_path_separator is slash" file="tests/Feature/CountryRoutesTest.php::it creates routes with slash separator in URL when country_path_separator is slash" class="Tests\Feature\CountryRoutesTest" classname="Tests.Feature.CountryRoutesTest" assertions="2" time="0.002366"/>
        <testcase name="it works with default locale prefix disabled" file="tests/Feature/CountryRoutesTest.php::it works with default locale prefix disabled" class="Tests\Feature\CountryRoutesTest" classname="Tests.Feature.CountryRoutesTest" assertions="2" time="0.002384"/>
        <testcase name="it creates multiple routes when countries is an array" file="tests/Feature/CountryRoutesTest.php::it creates multiple routes when countries is an array" class="Tests\Feature\CountryRoutesTest" classname="Tests.Feature.CountryRoutesTest" assertions="9" time="0.002763"/>
        <testcase name="it getUrl method throws exception when country parameter is provided but use_countries is disabled" file="tests/Feature/CountryRoutesTest.php::it getUrl method throws exception when country parameter is provided but use_countries is disabled" class="Tests\Feature\CountryRoutesTest" classname="Tests.Feature.CountryRoutesTest" assertions="2" time="0.002639"/>
        <testcase name="it adds SetCountryFromRoute middleware when use_countries is enabled" file="tests/Feature/CountryRoutesTest.php::it adds SetCountryFromRoute middleware when use_countries is enabled" class="Tests\Feature\CountryRoutesTest" classname="Tests.Feature.CountryRoutesTest" assertions="1" time="0.002624"/>
        <testcase name="it locale method works with countries" file="tests/Feature/CountryRoutesTest.php::it locale method works with countries" class="Tests\Feature\CountryRoutesTest" classname="Tests.Feature.CountryRoutesTest" assertions="3" time="0.002764"/>
        <testcase name="it resource routes work with countries" file="tests/Feature/CountryRoutesTest.php::it resource routes work with countries" class="Tests\Feature\CountryRoutesTest" classname="Tests.Feature.CountryRoutesTest" assertions="14" time="0.002813"/>
        <testcase name="it getSafeName method works correctly with countries" file="tests/Feature/CountryRoutesTest.php::it getSafeName method works correctly with countries" class="Tests\Feature\CountryRoutesTest" classname="Tests.Feature.CountryRoutesTest" assertions="2" time="0.002489"/>
        <testcase name="it creates routes with country codes when use_countries is enabled" file="tests/Feature/CountryRoutesTest.php::it creates routes with country codes when use_countries is enabled" class="Tests\Feature\CountryRoutesTest" classname="Tests.Feature.CountryRoutesTest" assertions="6" time="0.002691"/>
        <testcase name="it works with DELETE routes and countries" file="tests/Feature/CountryRoutesTest.php::it works with DELETE routes and countries" class="Tests\Feature\CountryRoutesTest" classname="Tests.Feature.CountryRoutesTest" assertions="2" time="0.003017"/>
        <testcase name="it works with PUT routes and countries" file="tests/Feature/CountryRoutesTest.php::it works with PUT routes and countries" class="Tests\Feature\CountryRoutesTest" classname="Tests.Feature.CountryRoutesTest" assertions="3" time="0.002610"/>
        <testcase name="it localizedExcept works with countries" file="tests/Feature/CountryRoutesTest.php::it localizedExcept works with countries" class="Tests\Feature\CountryRoutesTest" classname="Tests.Feature.CountryRoutesTest" assertions="3" time="0.002637"/>
      </testsuite>
      <testsuite name="Tests\Feature\LocalizedRoutesTest" file="tests/Feature/LocalizedRoutesTest.php" tests="15" assertions="103" errors="0" failures="0" skipped="0" time="0.041132">
        <testcase name="it works with Route::any" file="tests/Feature/LocalizedRoutesTest.php::it works with Route::any" class="Tests\Feature\LocalizedRoutesTest" classname="Tests.Feature.LocalizedRoutesTest" assertions="2" time="0.006299"/>
        <testcase name="it works with PUT routes" file="tests/Feature/LocalizedRoutesTest.php::it works with PUT routes" class="Tests\Feature\LocalizedRoutesTest" classname="Tests.Feature.LocalizedRoutesTest" assertions="3" time="0.002382"/>
        <testcase name="it can chain localized method after Route::get" file="tests/Feature/LocalizedRoutesTest.php::it can chain localized method after Route::get" class="Tests\Feature\LocalizedRoutesTest" classname="Tests.Feature.LocalizedRoutesTest" assertions="1" time="0.002273"/>
        <testcase name="it works with DELETE routes" file="tests/Feature/LocalizedRoutesTest.php::it works with DELETE routes" class="Tests\Feature\LocalizedRoutesTest" classname="Tests.Feature.LocalizedRoutesTest" assertions="2" time="0.002293"/>
        <testcase name="resource routes with custom names create routes for all locales" file="tests/Feature/LocalizedRoutesTest.php::resource routes with custom names create routes for all locales" class="Tests\Feature\LocalizedRoutesTest" classname="Tests.Feature.LocalizedRoutesTest" assertions="4" time="0.002547"/>
        <testcase name="it works with PATCH routes" file="tests/Feature/LocalizedRoutesTest.php::it works with PATCH routes" class="Tests\Feature\LocalizedRoutesTest" classname="Tests.Feature.LocalizedRoutesTest" assertions="2" time="0.002344"/>
        <testcase name="it works with POST routes" file="tests/Feature/LocalizedRoutesTest.php::it works with POST routes" class="Tests\Feature\LocalizedRoutesTest" classname="Tests.Feature.LocalizedRoutesTest" assertions="4" time="0.002348"/>
        <testcase name="resource routes create routes for all locales" file="tests/Feature/LocalizedRoutesTest.php::resource routes create routes for all locales" class="Tests\Feature\LocalizedRoutesTest" classname="Tests.Feature.LocalizedRoutesTest" assertions="14" time="0.002563"/>
        <testcase name="it creates routes for all locales with prefix for default locale in url enabled" file="tests/Feature/LocalizedRoutesTest.php::it creates routes for all locales with prefix for default locale in url enabled" class="Tests\Feature\LocalizedRoutesTest" classname="Tests.Feature.LocalizedRoutesTest" assertions="4" time="0.002356"/>
        <testcase name="it creates routes for all locales" file="tests/Feature/LocalizedRoutesTest.php::it creates routes for all locales" class="Tests\Feature\LocalizedRoutesTest" classname="Tests.Feature.LocalizedRoutesTest" assertions="4" time="0.002354"/>
        <testcase name="resource routes create routes for all locales with custom prefix" file="tests/Feature/LocalizedRoutesTest.php::resource routes create routes for all locales with custom prefix" class="Tests\Feature\LocalizedRoutesTest" classname="Tests.Feature.LocalizedRoutesTest" assertions="28" time="0.002734"/>
        <testcase name="it works with different call order" file="tests/Feature/LocalizedRoutesTest.php::it works with different call order" class="Tests\Feature\LocalizedRoutesTest" classname="Tests.Feature.LocalizedRoutesTest" assertions="2" time="0.002390"/>
        <testcase name="it set localized route name" file="tests/Feature/LocalizedRoutesTest.php::it set localized route name" class="Tests\Feature\LocalizedRoutesTest" classname="Tests.Feature.LocalizedRoutesTest" assertions="1" time="0.002469"/>
        <testcase name="it works with Route::match" file="tests/Feature/LocalizedRoutesTest.php::it works with Route::match" class="Tests\Feature\LocalizedRoutesTest" classname="Tests.Feature.LocalizedRoutesTest" assertions="3" time="0.002841"/>
        <testcase name="resource routes create routes for all locales with custom prefix and use_route_prefix_in_default_locale is true" file="tests/Feature/LocalizedRoutesTest.php::resource routes create routes for all locales with custom prefix and use_route_prefix_in_default_locale is true" class="Tests\Feature\LocalizedRoutesTest" classname="Tests.Feature.LocalizedRoutesTest" assertions="29" time="0.002938"/>
      </testsuite>
    </testsuite>
  </testsuite>
</testsuites>
