<?xml version="1.0" encoding="UTF-8"?>
<testsuites>
  <testsuite name="/Users/kapasifulop/Documents/projektek/localized-routes-plus/phpunit.xml" tests="29" assertions="0" errors="29" failures="0" skipped="0" time="0.000000">
    <testsuite name="LocalizedRoutesPlus Test Suite" tests="29" assertions="0" errors="29" failures="0" skipped="0" time="0.000000">
      <testsuite name="Tests\Feature\DomainRoutesTest" file="tests/Feature/DomainRoutesTest.php" tests="13" assertions="0" errors="13" failures="0" skipped="0" time="0.000000">
        <testcase name="it Works with multiple subdomain for single language" file="tests/Feature/DomainRoutesTest.php::it Works with multiple subdomain for single language" class="Tests\Feature\DomainRoutesTest" classname="Tests.Feature.DomainRoutesTest" assertions="0" time="0.000000">
          <error type="ErrorException">it Works with multiple subdomain for single languageErrorException: require(/Users/kapasifulop/Documents/projektek/localized-routes-plus/src/routes/web.php): Failed to open stream: No such file or directory
at vendor/laravel/framework/src/Illuminate/Foundation/Bootstrap/HandleExceptions.php:256
at vendor/laravel/framework/src/Illuminate/Support/ServiceProvider.php:194
at vendor/laravel/framework/src/Illuminate/Support/ServiceProvider.php:194
at src/LocalizedRoutesPlusServiceProvider.php:34
at vendor/laravel/framework/src/Illuminate/Container/BoundMethod.php:36
at vendor/laravel/framework/src/Illuminate/Container/Util.php:43
at vendor/laravel/framework/src/Illuminate/Container/BoundMethod.php:96
at vendor/laravel/framework/src/Illuminate/Container/BoundMethod.php:35
at vendor/laravel/framework/src/Illuminate/Container/Container.php:754
at vendor/laravel/framework/src/Illuminate/Foundation/Application.php:1150
at vendor/laravel/framework/src/Illuminate/Foundation/Application.php:1131
at vendor/laravel/framework/src/Illuminate/Foundation/Application.php:1130
at vendor/laravel/framework/src/Illuminate/Foundation/Bootstrap/BootProviders.php:17
at vendor/orchestra/testbench-core/src/Concerns/CreatesApplication.php:558
at vendor/orchestra/testbench-core/src/Concerns/CreatesApplication.php:276
at vendor/orchestra/testbench-core/src/TestCase.php:121
at vendor/orchestra/testbench-core/src/Concerns/ApplicationTestingHooks.php:74
at vendor/orchestra/testbench-core/src/Concerns/Testing.php:43
at vendor/laravel/framework/src/Illuminate/Collections/helpers.php:236
at vendor/orchestra/sidekick/src/functions.php:87
at vendor/laravel/framework/src/Illuminate/Collections/helpers.php:236
at vendor/orchestra/testbench-core/src/Concerns/Testing.php:57
at vendor/orchestra/testbench-core/src/TestCase.php:50</error>
        </testcase>
        <testcase name="it Works with subdomain Resource routes with localizedExcept" file="tests/Feature/DomainRoutesTest.php::it Works with subdomain Resource routes with localizedExcept" class="Tests\Feature\DomainRoutesTest" classname="Tests.Feature.DomainRoutesTest" assertions="0" time="0.000000">
          <error type="ErrorException">it Works with subdomain Resource routes with localizedExceptErrorException: require(/Users/kapasifulop/Documents/projektek/localized-routes-plus/src/routes/web.php): Failed to open stream: No such file or directory
at vendor/laravel/framework/src/Illuminate/Foundation/Bootstrap/HandleExceptions.php:256
at vendor/laravel/framework/src/Illuminate/Support/ServiceProvider.php:194
at vendor/laravel/framework/src/Illuminate/Support/ServiceProvider.php:194
at src/LocalizedRoutesPlusServiceProvider.php:34
at vendor/laravel/framework/src/Illuminate/Container/BoundMethod.php:36
at vendor/laravel/framework/src/Illuminate/Container/Util.php:43
at vendor/laravel/framework/src/Illuminate/Container/BoundMethod.php:96
at vendor/laravel/framework/src/Illuminate/Container/BoundMethod.php:35
at vendor/laravel/framework/src/Illuminate/Container/Container.php:754
at vendor/laravel/framework/src/Illuminate/Foundation/Application.php:1150
at vendor/laravel/framework/src/Illuminate/Foundation/Application.php:1131
at vendor/laravel/framework/src/Illuminate/Foundation/Application.php:1130
at vendor/laravel/framework/src/Illuminate/Foundation/Bootstrap/BootProviders.php:17
at vendor/orchestra/testbench-core/src/Concerns/CreatesApplication.php:558
at vendor/orchestra/testbench-core/src/Concerns/CreatesApplication.php:276
at vendor/orchestra/testbench-core/src/TestCase.php:121
at vendor/orchestra/testbench-core/src/Concerns/ApplicationTestingHooks.php:74
at vendor/orchestra/testbench-core/src/Concerns/Testing.php:43
at vendor/laravel/framework/src/Illuminate/Collections/helpers.php:236
at vendor/orchestra/sidekick/src/functions.php:87
at vendor/laravel/framework/src/Illuminate/Collections/helpers.php:236
at vendor/orchestra/testbench-core/src/Concerns/Testing.php:57
at vendor/orchestra/testbench-core/src/TestCase.php:50</error>
        </testcase>
        <testcase name="it Works with subdomain Resource routes with custom prefix and localizedExcept" file="tests/Feature/DomainRoutesTest.php::it Works with subdomain Resource routes with custom prefix and localizedExcept" class="Tests\Feature\DomainRoutesTest" classname="Tests.Feature.DomainRoutesTest" assertions="0" time="0.000000">
          <error type="ErrorException">it Works with subdomain Resource routes with custom prefix and localizedExceptErrorException: require(/Users/kapasifulop/Documents/projektek/localized-routes-plus/src/routes/web.php): Failed to open stream: No such file or directory
at vendor/laravel/framework/src/Illuminate/Foundation/Bootstrap/HandleExceptions.php:256
at vendor/laravel/framework/src/Illuminate/Support/ServiceProvider.php:194
at vendor/laravel/framework/src/Illuminate/Support/ServiceProvider.php:194
at src/LocalizedRoutesPlusServiceProvider.php:34
at vendor/laravel/framework/src/Illuminate/Container/BoundMethod.php:36
at vendor/laravel/framework/src/Illuminate/Container/Util.php:43
at vendor/laravel/framework/src/Illuminate/Container/BoundMethod.php:96
at vendor/laravel/framework/src/Illuminate/Container/BoundMethod.php:35
at vendor/laravel/framework/src/Illuminate/Container/Container.php:754
at vendor/laravel/framework/src/Illuminate/Foundation/Application.php:1150
at vendor/laravel/framework/src/Illuminate/Foundation/Application.php:1131
at vendor/laravel/framework/src/Illuminate/Foundation/Application.php:1130
at vendor/laravel/framework/src/Illuminate/Foundation/Bootstrap/BootProviders.php:17
at vendor/orchestra/testbench-core/src/Concerns/CreatesApplication.php:558
at vendor/orchestra/testbench-core/src/Concerns/CreatesApplication.php:276
at vendor/orchestra/testbench-core/src/TestCase.php:121
at vendor/orchestra/testbench-core/src/Concerns/ApplicationTestingHooks.php:74
at vendor/orchestra/testbench-core/src/Concerns/Testing.php:43
at vendor/laravel/framework/src/Illuminate/Collections/helpers.php:236
at vendor/orchestra/sidekick/src/functions.php:87
at vendor/laravel/framework/src/Illuminate/Collections/helpers.php:236
at vendor/orchestra/testbench-core/src/Concerns/Testing.php:57
at vendor/orchestra/testbench-core/src/TestCase.php:50</error>
        </testcase>
        <testcase name="it Works with subdomain POST routes" file="tests/Feature/DomainRoutesTest.php::it Works with subdomain POST routes" class="Tests\Feature\DomainRoutesTest" classname="Tests.Feature.DomainRoutesTest" assertions="0" time="0.000000">
          <error type="ErrorException">it Works with subdomain POST routesErrorException: require(/Users/kapasifulop/Documents/projektek/localized-routes-plus/src/routes/web.php): Failed to open stream: No such file or directory
at vendor/laravel/framework/src/Illuminate/Foundation/Bootstrap/HandleExceptions.php:256
at vendor/laravel/framework/src/Illuminate/Support/ServiceProvider.php:194
at vendor/laravel/framework/src/Illuminate/Support/ServiceProvider.php:194
at src/LocalizedRoutesPlusServiceProvider.php:34
at vendor/laravel/framework/src/Illuminate/Container/BoundMethod.php:36
at vendor/laravel/framework/src/Illuminate/Container/Util.php:43
at vendor/laravel/framework/src/Illuminate/Container/BoundMethod.php:96
at vendor/laravel/framework/src/Illuminate/Container/BoundMethod.php:35
at vendor/laravel/framework/src/Illuminate/Container/Container.php:754
at vendor/laravel/framework/src/Illuminate/Foundation/Application.php:1150
at vendor/laravel/framework/src/Illuminate/Foundation/Application.php:1131
at vendor/laravel/framework/src/Illuminate/Foundation/Application.php:1130
at vendor/laravel/framework/src/Illuminate/Foundation/Bootstrap/BootProviders.php:17
at vendor/orchestra/testbench-core/src/Concerns/CreatesApplication.php:558
at vendor/orchestra/testbench-core/src/Concerns/CreatesApplication.php:276
at vendor/orchestra/testbench-core/src/TestCase.php:121
at vendor/orchestra/testbench-core/src/Concerns/ApplicationTestingHooks.php:74
at vendor/orchestra/testbench-core/src/Concerns/Testing.php:43
at vendor/laravel/framework/src/Illuminate/Collections/helpers.php:236
at vendor/orchestra/sidekick/src/functions.php:87
at vendor/laravel/framework/src/Illuminate/Collections/helpers.php:236
at vendor/orchestra/testbench-core/src/Concerns/Testing.php:57
at vendor/orchestra/testbench-core/src/TestCase.php:50</error>
        </testcase>
        <testcase name="it Works with subdomain OPTIONS routes" file="tests/Feature/DomainRoutesTest.php::it Works with subdomain OPTIONS routes" class="Tests\Feature\DomainRoutesTest" classname="Tests.Feature.DomainRoutesTest" assertions="0" time="0.000000">
          <error type="ErrorException">it Works with subdomain OPTIONS routesErrorException: require(/Users/kapasifulop/Documents/projektek/localized-routes-plus/src/routes/web.php): Failed to open stream: No such file or directory
at vendor/laravel/framework/src/Illuminate/Foundation/Bootstrap/HandleExceptions.php:256
at vendor/laravel/framework/src/Illuminate/Support/ServiceProvider.php:194
at vendor/laravel/framework/src/Illuminate/Support/ServiceProvider.php:194
at src/LocalizedRoutesPlusServiceProvider.php:34
at vendor/laravel/framework/src/Illuminate/Container/BoundMethod.php:36
at vendor/laravel/framework/src/Illuminate/Container/Util.php:43
at vendor/laravel/framework/src/Illuminate/Container/BoundMethod.php:96
at vendor/laravel/framework/src/Illuminate/Container/BoundMethod.php:35
at vendor/laravel/framework/src/Illuminate/Container/Container.php:754
at vendor/laravel/framework/src/Illuminate/Foundation/Application.php:1150
at vendor/laravel/framework/src/Illuminate/Foundation/Application.php:1131
at vendor/laravel/framework/src/Illuminate/Foundation/Application.php:1130
at vendor/laravel/framework/src/Illuminate/Foundation/Bootstrap/BootProviders.php:17
at vendor/orchestra/testbench-core/src/Concerns/CreatesApplication.php:558
at vendor/orchestra/testbench-core/src/Concerns/CreatesApplication.php:276
at vendor/orchestra/testbench-core/src/TestCase.php:121
at vendor/orchestra/testbench-core/src/Concerns/ApplicationTestingHooks.php:74
at vendor/orchestra/testbench-core/src/Concerns/Testing.php:43
at vendor/laravel/framework/src/Illuminate/Collections/helpers.php:236
at vendor/orchestra/sidekick/src/functions.php:87
at vendor/laravel/framework/src/Illuminate/Collections/helpers.php:236
at vendor/orchestra/testbench-core/src/Concerns/Testing.php:57
at vendor/orchestra/testbench-core/src/TestCase.php:50</error>
        </testcase>
        <testcase name="it Works with subdomain PATCH routes" file="tests/Feature/DomainRoutesTest.php::it Works with subdomain PATCH routes" class="Tests\Feature\DomainRoutesTest" classname="Tests.Feature.DomainRoutesTest" assertions="0" time="0.000000">
          <error type="ErrorException">it Works with subdomain PATCH routesErrorException: require(/Users/kapasifulop/Documents/projektek/localized-routes-plus/src/routes/web.php): Failed to open stream: No such file or directory
at vendor/laravel/framework/src/Illuminate/Foundation/Bootstrap/HandleExceptions.php:256
at vendor/laravel/framework/src/Illuminate/Support/ServiceProvider.php:194
at vendor/laravel/framework/src/Illuminate/Support/ServiceProvider.php:194
at src/LocalizedRoutesPlusServiceProvider.php:34
at vendor/laravel/framework/src/Illuminate/Container/BoundMethod.php:36
at vendor/laravel/framework/src/Illuminate/Container/Util.php:43
at vendor/laravel/framework/src/Illuminate/Container/BoundMethod.php:96
at vendor/laravel/framework/src/Illuminate/Container/BoundMethod.php:35
at vendor/laravel/framework/src/Illuminate/Container/Container.php:754
at vendor/laravel/framework/src/Illuminate/Foundation/Application.php:1150
at vendor/laravel/framework/src/Illuminate/Foundation/Application.php:1131
at vendor/laravel/framework/src/Illuminate/Foundation/Application.php:1130
at vendor/laravel/framework/src/Illuminate/Foundation/Bootstrap/BootProviders.php:17
at vendor/orchestra/testbench-core/src/Concerns/CreatesApplication.php:558
at vendor/orchestra/testbench-core/src/Concerns/CreatesApplication.php:276
at vendor/orchestra/testbench-core/src/TestCase.php:121
at vendor/orchestra/testbench-core/src/Concerns/ApplicationTestingHooks.php:74
at vendor/orchestra/testbench-core/src/Concerns/Testing.php:43
at vendor/laravel/framework/src/Illuminate/Collections/helpers.php:236
at vendor/orchestra/sidekick/src/functions.php:87
at vendor/laravel/framework/src/Illuminate/Collections/helpers.php:236
at vendor/orchestra/testbench-core/src/Concerns/Testing.php:57
at vendor/orchestra/testbench-core/src/TestCase.php:50</error>
        </testcase>
        <testcase name="it Works with subdomain GET routes" file="tests/Feature/DomainRoutesTest.php::it Works with subdomain GET routes" class="Tests\Feature\DomainRoutesTest" classname="Tests.Feature.DomainRoutesTest" assertions="0" time="0.000000">
          <error type="ErrorException">it Works with subdomain GET routesErrorException: require(/Users/kapasifulop/Documents/projektek/localized-routes-plus/src/routes/web.php): Failed to open stream: No such file or directory
at vendor/laravel/framework/src/Illuminate/Foundation/Bootstrap/HandleExceptions.php:256
at vendor/laravel/framework/src/Illuminate/Support/ServiceProvider.php:194
at vendor/laravel/framework/src/Illuminate/Support/ServiceProvider.php:194
at src/LocalizedRoutesPlusServiceProvider.php:34
at vendor/laravel/framework/src/Illuminate/Container/BoundMethod.php:36
at vendor/laravel/framework/src/Illuminate/Container/Util.php:43
at vendor/laravel/framework/src/Illuminate/Container/BoundMethod.php:96
at vendor/laravel/framework/src/Illuminate/Container/BoundMethod.php:35
at vendor/laravel/framework/src/Illuminate/Container/Container.php:754
at vendor/laravel/framework/src/Illuminate/Foundation/Application.php:1150
at vendor/laravel/framework/src/Illuminate/Foundation/Application.php:1131
at vendor/laravel/framework/src/Illuminate/Foundation/Application.php:1130
at vendor/laravel/framework/src/Illuminate/Foundation/Bootstrap/BootProviders.php:17
at vendor/orchestra/testbench-core/src/Concerns/CreatesApplication.php:558
at vendor/orchestra/testbench-core/src/Concerns/CreatesApplication.php:276
at vendor/orchestra/testbench-core/src/TestCase.php:121
at vendor/orchestra/testbench-core/src/Concerns/ApplicationTestingHooks.php:74
at vendor/orchestra/testbench-core/src/Concerns/Testing.php:43
at vendor/laravel/framework/src/Illuminate/Collections/helpers.php:236
at vendor/orchestra/sidekick/src/functions.php:87
at vendor/laravel/framework/src/Illuminate/Collections/helpers.php:236
at vendor/orchestra/testbench-core/src/Concerns/Testing.php:57
at vendor/orchestra/testbench-core/src/TestCase.php:50</error>
        </testcase>
        <testcase name="it Works with subdomain PUT routes" file="tests/Feature/DomainRoutesTest.php::it Works with subdomain PUT routes" class="Tests\Feature\DomainRoutesTest" classname="Tests.Feature.DomainRoutesTest" assertions="0" time="0.000000">
          <error type="ErrorException">it Works with subdomain PUT routesErrorException: require(/Users/kapasifulop/Documents/projektek/localized-routes-plus/src/routes/web.php): Failed to open stream: No such file or directory
at vendor/laravel/framework/src/Illuminate/Foundation/Bootstrap/HandleExceptions.php:256
at vendor/laravel/framework/src/Illuminate/Support/ServiceProvider.php:194
at vendor/laravel/framework/src/Illuminate/Support/ServiceProvider.php:194
at src/LocalizedRoutesPlusServiceProvider.php:34
at vendor/laravel/framework/src/Illuminate/Container/BoundMethod.php:36
at vendor/laravel/framework/src/Illuminate/Container/Util.php:43
at vendor/laravel/framework/src/Illuminate/Container/BoundMethod.php:96
at vendor/laravel/framework/src/Illuminate/Container/BoundMethod.php:35
at vendor/laravel/framework/src/Illuminate/Container/Container.php:754
at vendor/laravel/framework/src/Illuminate/Foundation/Application.php:1150
at vendor/laravel/framework/src/Illuminate/Foundation/Application.php:1131
at vendor/laravel/framework/src/Illuminate/Foundation/Application.php:1130
at vendor/laravel/framework/src/Illuminate/Foundation/Bootstrap/BootProviders.php:17
at vendor/orchestra/testbench-core/src/Concerns/CreatesApplication.php:558
at vendor/orchestra/testbench-core/src/Concerns/CreatesApplication.php:276
at vendor/orchestra/testbench-core/src/TestCase.php:121
at vendor/orchestra/testbench-core/src/Concerns/ApplicationTestingHooks.php:74
at vendor/orchestra/testbench-core/src/Concerns/Testing.php:43
at vendor/laravel/framework/src/Illuminate/Collections/helpers.php:236
at vendor/orchestra/sidekick/src/functions.php:87
at vendor/laravel/framework/src/Illuminate/Collections/helpers.php:236
at vendor/orchestra/testbench-core/src/Concerns/Testing.php:57
at vendor/orchestra/testbench-core/src/TestCase.php:50</error>
        </testcase>
        <testcase name="it Works with subdomain Resource routes with custom prefix" file="tests/Feature/DomainRoutesTest.php::it Works with subdomain Resource routes with custom prefix" class="Tests\Feature\DomainRoutesTest" classname="Tests.Feature.DomainRoutesTest" assertions="0" time="0.000000">
          <error type="ErrorException">it Works with subdomain Resource routes with custom prefixErrorException: require(/Users/kapasifulop/Documents/projektek/localized-routes-plus/src/routes/web.php): Failed to open stream: No such file or directory
at vendor/laravel/framework/src/Illuminate/Foundation/Bootstrap/HandleExceptions.php:256
at vendor/laravel/framework/src/Illuminate/Support/ServiceProvider.php:194
at vendor/laravel/framework/src/Illuminate/Support/ServiceProvider.php:194
at src/LocalizedRoutesPlusServiceProvider.php:34
at vendor/laravel/framework/src/Illuminate/Container/BoundMethod.php:36
at vendor/laravel/framework/src/Illuminate/Container/Util.php:43
at vendor/laravel/framework/src/Illuminate/Container/BoundMethod.php:96
at vendor/laravel/framework/src/Illuminate/Container/BoundMethod.php:35
at vendor/laravel/framework/src/Illuminate/Container/Container.php:754
at vendor/laravel/framework/src/Illuminate/Foundation/Application.php:1150
at vendor/laravel/framework/src/Illuminate/Foundation/Application.php:1131
at vendor/laravel/framework/src/Illuminate/Foundation/Application.php:1130
at vendor/laravel/framework/src/Illuminate/Foundation/Bootstrap/BootProviders.php:17
at vendor/orchestra/testbench-core/src/Concerns/CreatesApplication.php:558
at vendor/orchestra/testbench-core/src/Concerns/CreatesApplication.php:276
at vendor/orchestra/testbench-core/src/TestCase.php:121
at vendor/orchestra/testbench-core/src/Concerns/ApplicationTestingHooks.php:74
at vendor/orchestra/testbench-core/src/Concerns/Testing.php:43
at vendor/laravel/framework/src/Illuminate/Collections/helpers.php:236
at vendor/orchestra/sidekick/src/functions.php:87
at vendor/laravel/framework/src/Illuminate/Collections/helpers.php:236
at vendor/orchestra/testbench-core/src/Concerns/Testing.php:57
at vendor/orchestra/testbench-core/src/TestCase.php:50</error>
        </testcase>
        <testcase name="it Works with multiple subdomain for single language Resource routes with custom prefix and localizedExcept" file="tests/Feature/DomainRoutesTest.php::it Works with multiple subdomain for single language Resource routes with custom prefix and localizedExcept" class="Tests\Feature\DomainRoutesTest" classname="Tests.Feature.DomainRoutesTest" assertions="0" time="0.000000">
          <error type="ErrorException">it Works with multiple subdomain for single language Resource routes with custom prefix and localizedExceptErrorException: require(/Users/kapasifulop/Documents/projektek/localized-routes-plus/src/routes/web.php): Failed to open stream: No such file or directory
at vendor/laravel/framework/src/Illuminate/Foundation/Bootstrap/HandleExceptions.php:256
at vendor/laravel/framework/src/Illuminate/Support/ServiceProvider.php:194
at vendor/laravel/framework/src/Illuminate/Support/ServiceProvider.php:194
at src/LocalizedRoutesPlusServiceProvider.php:34
at vendor/laravel/framework/src/Illuminate/Container/BoundMethod.php:36
at vendor/laravel/framework/src/Illuminate/Container/Util.php:43
at vendor/laravel/framework/src/Illuminate/Container/BoundMethod.php:96
at vendor/laravel/framework/src/Illuminate/Container/BoundMethod.php:35
at vendor/laravel/framework/src/Illuminate/Container/Container.php:754
at vendor/laravel/framework/src/Illuminate/Foundation/Application.php:1150
at vendor/laravel/framework/src/Illuminate/Foundation/Application.php:1131
at vendor/laravel/framework/src/Illuminate/Foundation/Application.php:1130
at vendor/laravel/framework/src/Illuminate/Foundation/Bootstrap/BootProviders.php:17
at vendor/orchestra/testbench-core/src/Concerns/CreatesApplication.php:558
at vendor/orchestra/testbench-core/src/Concerns/CreatesApplication.php:276
at vendor/orchestra/testbench-core/src/TestCase.php:121
at vendor/orchestra/testbench-core/src/Concerns/ApplicationTestingHooks.php:74
at vendor/orchestra/testbench-core/src/Concerns/Testing.php:43
at vendor/laravel/framework/src/Illuminate/Collections/helpers.php:236
at vendor/orchestra/sidekick/src/functions.php:87
at vendor/laravel/framework/src/Illuminate/Collections/helpers.php:236
at vendor/orchestra/testbench-core/src/Concerns/Testing.php:57
at vendor/orchestra/testbench-core/src/TestCase.php:50</error>
        </testcase>
        <testcase name="it Works with subdomain Resource routes" file="tests/Feature/DomainRoutesTest.php::it Works with subdomain Resource routes" class="Tests\Feature\DomainRoutesTest" classname="Tests.Feature.DomainRoutesTest" assertions="0" time="0.000000">
          <error type="ErrorException">it Works with subdomain Resource routesErrorException: require(/Users/kapasifulop/Documents/projektek/localized-routes-plus/src/routes/web.php): Failed to open stream: No such file or directory
at vendor/laravel/framework/src/Illuminate/Foundation/Bootstrap/HandleExceptions.php:256
at vendor/laravel/framework/src/Illuminate/Support/ServiceProvider.php:194
at vendor/laravel/framework/src/Illuminate/Support/ServiceProvider.php:194
at src/LocalizedRoutesPlusServiceProvider.php:34
at vendor/laravel/framework/src/Illuminate/Container/BoundMethod.php:36
at vendor/laravel/framework/src/Illuminate/Container/Util.php:43
at vendor/laravel/framework/src/Illuminate/Container/BoundMethod.php:96
at vendor/laravel/framework/src/Illuminate/Container/BoundMethod.php:35
at vendor/laravel/framework/src/Illuminate/Container/Container.php:754
at vendor/laravel/framework/src/Illuminate/Foundation/Application.php:1150
at vendor/laravel/framework/src/Illuminate/Foundation/Application.php:1131
at vendor/laravel/framework/src/Illuminate/Foundation/Application.php:1130
at vendor/laravel/framework/src/Illuminate/Foundation/Bootstrap/BootProviders.php:17
at vendor/orchestra/testbench-core/src/Concerns/CreatesApplication.php:558
at vendor/orchestra/testbench-core/src/Concerns/CreatesApplication.php:276
at vendor/orchestra/testbench-core/src/TestCase.php:121
at vendor/orchestra/testbench-core/src/Concerns/ApplicationTestingHooks.php:74
at vendor/orchestra/testbench-core/src/Concerns/Testing.php:43
at vendor/laravel/framework/src/Illuminate/Collections/helpers.php:236
at vendor/orchestra/sidekick/src/functions.php:87
at vendor/laravel/framework/src/Illuminate/Collections/helpers.php:236
at vendor/orchestra/testbench-core/src/Concerns/Testing.php:57
at vendor/orchestra/testbench-core/src/TestCase.php:50</error>
        </testcase>
        <testcase name="it Works with subdomain DELETE routes" file="tests/Feature/DomainRoutesTest.php::it Works with subdomain DELETE routes" class="Tests\Feature\DomainRoutesTest" classname="Tests.Feature.DomainRoutesTest" assertions="0" time="0.000000">
          <error type="ErrorException">it Works with subdomain DELETE routesErrorException: require(/Users/kapasifulop/Documents/projektek/localized-routes-plus/src/routes/web.php): Failed to open stream: No such file or directory
at vendor/laravel/framework/src/Illuminate/Foundation/Bootstrap/HandleExceptions.php:256
at vendor/laravel/framework/src/Illuminate/Support/ServiceProvider.php:194
at vendor/laravel/framework/src/Illuminate/Support/ServiceProvider.php:194
at src/LocalizedRoutesPlusServiceProvider.php:34
at vendor/laravel/framework/src/Illuminate/Container/BoundMethod.php:36
at vendor/laravel/framework/src/Illuminate/Container/Util.php:43
at vendor/laravel/framework/src/Illuminate/Container/BoundMethod.php:96
at vendor/laravel/framework/src/Illuminate/Container/BoundMethod.php:35
at vendor/laravel/framework/src/Illuminate/Container/Container.php:754
at vendor/laravel/framework/src/Illuminate/Foundation/Application.php:1150
at vendor/laravel/framework/src/Illuminate/Foundation/Application.php:1131
at vendor/laravel/framework/src/Illuminate/Foundation/Application.php:1130
at vendor/laravel/framework/src/Illuminate/Foundation/Bootstrap/BootProviders.php:17
at vendor/orchestra/testbench-core/src/Concerns/CreatesApplication.php:558
at vendor/orchestra/testbench-core/src/Concerns/CreatesApplication.php:276
at vendor/orchestra/testbench-core/src/TestCase.php:121
at vendor/orchestra/testbench-core/src/Concerns/ApplicationTestingHooks.php:74
at vendor/orchestra/testbench-core/src/Concerns/Testing.php:43
at vendor/laravel/framework/src/Illuminate/Collections/helpers.php:236
at vendor/orchestra/sidekick/src/functions.php:87
at vendor/laravel/framework/src/Illuminate/Collections/helpers.php:236
at vendor/orchestra/testbench-core/src/Concerns/Testing.php:57
at vendor/orchestra/testbench-core/src/TestCase.php:50</error>
        </testcase>
        <testcase name="it Works with subdomain ANY routes" file="tests/Feature/DomainRoutesTest.php::it Works with subdomain ANY routes" class="Tests\Feature\DomainRoutesTest" classname="Tests.Feature.DomainRoutesTest" assertions="0" time="0.000000">
          <error type="ErrorException">it Works with subdomain ANY routesErrorException: require(/Users/kapasifulop/Documents/projektek/localized-routes-plus/src/routes/web.php): Failed to open stream: No such file or directory
at vendor/laravel/framework/src/Illuminate/Foundation/Bootstrap/HandleExceptions.php:256
at vendor/laravel/framework/src/Illuminate/Support/ServiceProvider.php:194
at vendor/laravel/framework/src/Illuminate/Support/ServiceProvider.php:194
at src/LocalizedRoutesPlusServiceProvider.php:34
at vendor/laravel/framework/src/Illuminate/Container/BoundMethod.php:36
at vendor/laravel/framework/src/Illuminate/Container/Util.php:43
at vendor/laravel/framework/src/Illuminate/Container/BoundMethod.php:96
at vendor/laravel/framework/src/Illuminate/Container/BoundMethod.php:35
at vendor/laravel/framework/src/Illuminate/Container/Container.php:754
at vendor/laravel/framework/src/Illuminate/Foundation/Application.php:1150
at vendor/laravel/framework/src/Illuminate/Foundation/Application.php:1131
at vendor/laravel/framework/src/Illuminate/Foundation/Application.php:1130
at vendor/laravel/framework/src/Illuminate/Foundation/Bootstrap/BootProviders.php:17
at vendor/orchestra/testbench-core/src/Concerns/CreatesApplication.php:558
at vendor/orchestra/testbench-core/src/Concerns/CreatesApplication.php:276
at vendor/orchestra/testbench-core/src/TestCase.php:121
at vendor/orchestra/testbench-core/src/Concerns/ApplicationTestingHooks.php:74
at vendor/orchestra/testbench-core/src/Concerns/Testing.php:43
at vendor/laravel/framework/src/Illuminate/Collections/helpers.php:236
at vendor/orchestra/sidekick/src/functions.php:87
at vendor/laravel/framework/src/Illuminate/Collections/helpers.php:236
at vendor/orchestra/testbench-core/src/Concerns/Testing.php:57
at vendor/orchestra/testbench-core/src/TestCase.php:50</error>
        </testcase>
      </testsuite>
      <testsuite name="Tests\Feature\LocalizedRoutesTest" file="tests/Feature/LocalizedRoutesTest.php" tests="16" assertions="0" errors="16" failures="0" skipped="0" time="0.000000">
        <testcase name="it works with PUT routes" file="tests/Feature/LocalizedRoutesTest.php::it works with PUT routes" class="Tests\Feature\LocalizedRoutesTest" classname="Tests.Feature.LocalizedRoutesTest" assertions="0" time="0.000000">
          <error type="ErrorException">it works with PUT routesErrorException: require(/Users/kapasifulop/Documents/projektek/localized-routes-plus/src/routes/web.php): Failed to open stream: No such file or directory
at vendor/laravel/framework/src/Illuminate/Foundation/Bootstrap/HandleExceptions.php:256
at vendor/laravel/framework/src/Illuminate/Support/ServiceProvider.php:194
at vendor/laravel/framework/src/Illuminate/Support/ServiceProvider.php:194
at src/LocalizedRoutesPlusServiceProvider.php:34
at vendor/laravel/framework/src/Illuminate/Container/BoundMethod.php:36
at vendor/laravel/framework/src/Illuminate/Container/Util.php:43
at vendor/laravel/framework/src/Illuminate/Container/BoundMethod.php:96
at vendor/laravel/framework/src/Illuminate/Container/BoundMethod.php:35
at vendor/laravel/framework/src/Illuminate/Container/Container.php:754
at vendor/laravel/framework/src/Illuminate/Foundation/Application.php:1150
at vendor/laravel/framework/src/Illuminate/Foundation/Application.php:1131
at vendor/laravel/framework/src/Illuminate/Foundation/Application.php:1130
at vendor/laravel/framework/src/Illuminate/Foundation/Bootstrap/BootProviders.php:17
at vendor/orchestra/testbench-core/src/Concerns/CreatesApplication.php:558
at vendor/orchestra/testbench-core/src/Concerns/CreatesApplication.php:276
at vendor/orchestra/testbench-core/src/TestCase.php:121
at vendor/orchestra/testbench-core/src/Concerns/ApplicationTestingHooks.php:74
at vendor/orchestra/testbench-core/src/Concerns/Testing.php:43
at vendor/laravel/framework/src/Illuminate/Collections/helpers.php:236
at vendor/orchestra/sidekick/src/functions.php:87
at vendor/laravel/framework/src/Illuminate/Collections/helpers.php:236
at vendor/orchestra/testbench-core/src/Concerns/Testing.php:57
at vendor/orchestra/testbench-core/src/TestCase.php:50</error>
        </testcase>
        <testcase name="it works with Route::match" file="tests/Feature/LocalizedRoutesTest.php::it works with Route::match" class="Tests\Feature\LocalizedRoutesTest" classname="Tests.Feature.LocalizedRoutesTest" assertions="0" time="0.000000">
          <error type="ErrorException">it works with Route::matchErrorException: require(/Users/kapasifulop/Documents/projektek/localized-routes-plus/src/routes/web.php): Failed to open stream: No such file or directory
at vendor/laravel/framework/src/Illuminate/Foundation/Bootstrap/HandleExceptions.php:256
at vendor/laravel/framework/src/Illuminate/Support/ServiceProvider.php:194
at vendor/laravel/framework/src/Illuminate/Support/ServiceProvider.php:194
at src/LocalizedRoutesPlusServiceProvider.php:34
at vendor/laravel/framework/src/Illuminate/Container/BoundMethod.php:36
at vendor/laravel/framework/src/Illuminate/Container/Util.php:43
at vendor/laravel/framework/src/Illuminate/Container/BoundMethod.php:96
at vendor/laravel/framework/src/Illuminate/Container/BoundMethod.php:35
at vendor/laravel/framework/src/Illuminate/Container/Container.php:754
at vendor/laravel/framework/src/Illuminate/Foundation/Application.php:1150
at vendor/laravel/framework/src/Illuminate/Foundation/Application.php:1131
at vendor/laravel/framework/src/Illuminate/Foundation/Application.php:1130
at vendor/laravel/framework/src/Illuminate/Foundation/Bootstrap/BootProviders.php:17
at vendor/orchestra/testbench-core/src/Concerns/CreatesApplication.php:558
at vendor/orchestra/testbench-core/src/Concerns/CreatesApplication.php:276
at vendor/orchestra/testbench-core/src/TestCase.php:121
at vendor/orchestra/testbench-core/src/Concerns/ApplicationTestingHooks.php:74
at vendor/orchestra/testbench-core/src/Concerns/Testing.php:43
at vendor/laravel/framework/src/Illuminate/Collections/helpers.php:236
at vendor/orchestra/sidekick/src/functions.php:87
at vendor/laravel/framework/src/Illuminate/Collections/helpers.php:236
at vendor/orchestra/testbench-core/src/Concerns/Testing.php:57
at vendor/orchestra/testbench-core/src/TestCase.php:50</error>
        </testcase>
        <testcase name="resource routes create routes for all locales with custom prefix and use_route_prefix_in_default_locale is true" file="tests/Feature/LocalizedRoutesTest.php::resource routes create routes for all locales with custom prefix and use_route_prefix_in_default_locale is true" class="Tests\Feature\LocalizedRoutesTest" classname="Tests.Feature.LocalizedRoutesTest" assertions="0" time="0.000000">
          <error type="ErrorException">resource routes create routes for all locales with custom prefix and use_route_prefix_in_default_locale is trueErrorException: require(/Users/kapasifulop/Documents/projektek/localized-routes-plus/src/routes/web.php): Failed to open stream: No such file or directory
at vendor/laravel/framework/src/Illuminate/Foundation/Bootstrap/HandleExceptions.php:256
at vendor/laravel/framework/src/Illuminate/Support/ServiceProvider.php:194
at vendor/laravel/framework/src/Illuminate/Support/ServiceProvider.php:194
at src/LocalizedRoutesPlusServiceProvider.php:34
at vendor/laravel/framework/src/Illuminate/Container/BoundMethod.php:36
at vendor/laravel/framework/src/Illuminate/Container/Util.php:43
at vendor/laravel/framework/src/Illuminate/Container/BoundMethod.php:96
at vendor/laravel/framework/src/Illuminate/Container/BoundMethod.php:35
at vendor/laravel/framework/src/Illuminate/Container/Container.php:754
at vendor/laravel/framework/src/Illuminate/Foundation/Application.php:1150
at vendor/laravel/framework/src/Illuminate/Foundation/Application.php:1131
at vendor/laravel/framework/src/Illuminate/Foundation/Application.php:1130
at vendor/laravel/framework/src/Illuminate/Foundation/Bootstrap/BootProviders.php:17
at vendor/orchestra/testbench-core/src/Concerns/CreatesApplication.php:558
at vendor/orchestra/testbench-core/src/Concerns/CreatesApplication.php:276
at vendor/orchestra/testbench-core/src/TestCase.php:121
at vendor/orchestra/testbench-core/src/Concerns/ApplicationTestingHooks.php:74
at vendor/orchestra/testbench-core/src/Concerns/Testing.php:43
at vendor/laravel/framework/src/Illuminate/Collections/helpers.php:236
at vendor/orchestra/sidekick/src/functions.php:87
at vendor/laravel/framework/src/Illuminate/Collections/helpers.php:236
at vendor/orchestra/testbench-core/src/Concerns/Testing.php:57
at vendor/orchestra/testbench-core/src/TestCase.php:50</error>
        </testcase>
        <testcase name="it works with Route::any" file="tests/Feature/LocalizedRoutesTest.php::it works with Route::any" class="Tests\Feature\LocalizedRoutesTest" classname="Tests.Feature.LocalizedRoutesTest" assertions="0" time="0.000000">
          <error type="ErrorException">it works with Route::anyErrorException: require(/Users/kapasifulop/Documents/projektek/localized-routes-plus/src/routes/web.php): Failed to open stream: No such file or directory
at vendor/laravel/framework/src/Illuminate/Foundation/Bootstrap/HandleExceptions.php:256
at vendor/laravel/framework/src/Illuminate/Support/ServiceProvider.php:194
at vendor/laravel/framework/src/Illuminate/Support/ServiceProvider.php:194
at src/LocalizedRoutesPlusServiceProvider.php:34
at vendor/laravel/framework/src/Illuminate/Container/BoundMethod.php:36
at vendor/laravel/framework/src/Illuminate/Container/Util.php:43
at vendor/laravel/framework/src/Illuminate/Container/BoundMethod.php:96
at vendor/laravel/framework/src/Illuminate/Container/BoundMethod.php:35
at vendor/laravel/framework/src/Illuminate/Container/Container.php:754
at vendor/laravel/framework/src/Illuminate/Foundation/Application.php:1150
at vendor/laravel/framework/src/Illuminate/Foundation/Application.php:1131
at vendor/laravel/framework/src/Illuminate/Foundation/Application.php:1130
at vendor/laravel/framework/src/Illuminate/Foundation/Bootstrap/BootProviders.php:17
at vendor/orchestra/testbench-core/src/Concerns/CreatesApplication.php:558
at vendor/orchestra/testbench-core/src/Concerns/CreatesApplication.php:276
at vendor/orchestra/testbench-core/src/TestCase.php:121
at vendor/orchestra/testbench-core/src/Concerns/ApplicationTestingHooks.php:74
at vendor/orchestra/testbench-core/src/Concerns/Testing.php:43
at vendor/laravel/framework/src/Illuminate/Collections/helpers.php:236
at vendor/orchestra/sidekick/src/functions.php:87
at vendor/laravel/framework/src/Illuminate/Collections/helpers.php:236
at vendor/orchestra/testbench-core/src/Concerns/Testing.php:57
at vendor/orchestra/testbench-core/src/TestCase.php:50</error>
        </testcase>
        <testcase name="it creates routes for all locales with prefix for default locale in url enabled" file="tests/Feature/LocalizedRoutesTest.php::it creates routes for all locales with prefix for default locale in url enabled" class="Tests\Feature\LocalizedRoutesTest" classname="Tests.Feature.LocalizedRoutesTest" assertions="0" time="0.000000">
          <error type="ErrorException">it creates routes for all locales with prefix for default locale in url enabledErrorException: require(/Users/kapasifulop/Documents/projektek/localized-routes-plus/src/routes/web.php): Failed to open stream: No such file or directory
at vendor/laravel/framework/src/Illuminate/Foundation/Bootstrap/HandleExceptions.php:256
at vendor/laravel/framework/src/Illuminate/Support/ServiceProvider.php:194
at vendor/laravel/framework/src/Illuminate/Support/ServiceProvider.php:194
at src/LocalizedRoutesPlusServiceProvider.php:34
at vendor/laravel/framework/src/Illuminate/Container/BoundMethod.php:36
at vendor/laravel/framework/src/Illuminate/Container/Util.php:43
at vendor/laravel/framework/src/Illuminate/Container/BoundMethod.php:96
at vendor/laravel/framework/src/Illuminate/Container/BoundMethod.php:35
at vendor/laravel/framework/src/Illuminate/Container/Container.php:754
at vendor/laravel/framework/src/Illuminate/Foundation/Application.php:1150
at vendor/laravel/framework/src/Illuminate/Foundation/Application.php:1131
at vendor/laravel/framework/src/Illuminate/Foundation/Application.php:1130
at vendor/laravel/framework/src/Illuminate/Foundation/Bootstrap/BootProviders.php:17
at vendor/orchestra/testbench-core/src/Concerns/CreatesApplication.php:558
at vendor/orchestra/testbench-core/src/Concerns/CreatesApplication.php:276
at vendor/orchestra/testbench-core/src/TestCase.php:121
at vendor/orchestra/testbench-core/src/Concerns/ApplicationTestingHooks.php:74
at vendor/orchestra/testbench-core/src/Concerns/Testing.php:43
at vendor/laravel/framework/src/Illuminate/Collections/helpers.php:236
at vendor/orchestra/sidekick/src/functions.php:87
at vendor/laravel/framework/src/Illuminate/Collections/helpers.php:236
at vendor/orchestra/testbench-core/src/Concerns/Testing.php:57
at vendor/orchestra/testbench-core/src/TestCase.php:50</error>
        </testcase>
        <testcase name="it works with DELETE routes" file="tests/Feature/LocalizedRoutesTest.php::it works with DELETE routes" class="Tests\Feature\LocalizedRoutesTest" classname="Tests.Feature.LocalizedRoutesTest" assertions="0" time="0.000000">
          <error type="ErrorException">it works with DELETE routesErrorException: require(/Users/kapasifulop/Documents/projektek/localized-routes-plus/src/routes/web.php): Failed to open stream: No such file or directory
at vendor/laravel/framework/src/Illuminate/Foundation/Bootstrap/HandleExceptions.php:256
at vendor/laravel/framework/src/Illuminate/Support/ServiceProvider.php:194
at vendor/laravel/framework/src/Illuminate/Support/ServiceProvider.php:194
at src/LocalizedRoutesPlusServiceProvider.php:34
at vendor/laravel/framework/src/Illuminate/Container/BoundMethod.php:36
at vendor/laravel/framework/src/Illuminate/Container/Util.php:43
at vendor/laravel/framework/src/Illuminate/Container/BoundMethod.php:96
at vendor/laravel/framework/src/Illuminate/Container/BoundMethod.php:35
at vendor/laravel/framework/src/Illuminate/Container/Container.php:754
at vendor/laravel/framework/src/Illuminate/Foundation/Application.php:1150
at vendor/laravel/framework/src/Illuminate/Foundation/Application.php:1131
at vendor/laravel/framework/src/Illuminate/Foundation/Application.php:1130
at vendor/laravel/framework/src/Illuminate/Foundation/Bootstrap/BootProviders.php:17
at vendor/orchestra/testbench-core/src/Concerns/CreatesApplication.php:558
at vendor/orchestra/testbench-core/src/Concerns/CreatesApplication.php:276
at vendor/orchestra/testbench-core/src/TestCase.php:121
at vendor/orchestra/testbench-core/src/Concerns/ApplicationTestingHooks.php:74
at vendor/orchestra/testbench-core/src/Concerns/Testing.php:43
at vendor/laravel/framework/src/Illuminate/Collections/helpers.php:236
at vendor/orchestra/sidekick/src/functions.php:87
at vendor/laravel/framework/src/Illuminate/Collections/helpers.php:236
at vendor/orchestra/testbench-core/src/Concerns/Testing.php:57
at vendor/orchestra/testbench-core/src/TestCase.php:50</error>
        </testcase>
        <testcase name="can get route uri for specific locale" file="tests/Feature/LocalizedRoutesTest.php::can get route uri for specific locale" class="Tests\Feature\LocalizedRoutesTest" classname="Tests.Feature.LocalizedRoutesTest" assertions="0" time="0.000000">
          <error type="ErrorException">can get route uri for specific localeErrorException: require(/Users/kapasifulop/Documents/projektek/localized-routes-plus/src/routes/web.php): Failed to open stream: No such file or directory
at vendor/laravel/framework/src/Illuminate/Foundation/Bootstrap/HandleExceptions.php:256
at vendor/laravel/framework/src/Illuminate/Support/ServiceProvider.php:194
at vendor/laravel/framework/src/Illuminate/Support/ServiceProvider.php:194
at src/LocalizedRoutesPlusServiceProvider.php:34
at vendor/laravel/framework/src/Illuminate/Container/BoundMethod.php:36
at vendor/laravel/framework/src/Illuminate/Container/Util.php:43
at vendor/laravel/framework/src/Illuminate/Container/BoundMethod.php:96
at vendor/laravel/framework/src/Illuminate/Container/BoundMethod.php:35
at vendor/laravel/framework/src/Illuminate/Container/Container.php:754
at vendor/laravel/framework/src/Illuminate/Foundation/Application.php:1150
at vendor/laravel/framework/src/Illuminate/Foundation/Application.php:1131
at vendor/laravel/framework/src/Illuminate/Foundation/Application.php:1130
at vendor/laravel/framework/src/Illuminate/Foundation/Bootstrap/BootProviders.php:17
at vendor/orchestra/testbench-core/src/Concerns/CreatesApplication.php:558
at vendor/orchestra/testbench-core/src/Concerns/CreatesApplication.php:276
at vendor/orchestra/testbench-core/src/TestCase.php:121
at vendor/orchestra/testbench-core/src/Concerns/ApplicationTestingHooks.php:74
at vendor/orchestra/testbench-core/src/Concerns/Testing.php:43
at vendor/laravel/framework/src/Illuminate/Collections/helpers.php:236
at vendor/orchestra/sidekick/src/functions.php:87
at vendor/laravel/framework/src/Illuminate/Collections/helpers.php:236
at vendor/orchestra/testbench-core/src/Concerns/Testing.php:57
at vendor/orchestra/testbench-core/src/TestCase.php:50</error>
        </testcase>
        <testcase name="resource routes with custom names create routes for all locales" file="tests/Feature/LocalizedRoutesTest.php::resource routes with custom names create routes for all locales" class="Tests\Feature\LocalizedRoutesTest" classname="Tests.Feature.LocalizedRoutesTest" assertions="0" time="0.000000">
          <error type="ErrorException">resource routes with custom names create routes for all localesErrorException: require(/Users/kapasifulop/Documents/projektek/localized-routes-plus/src/routes/web.php): Failed to open stream: No such file or directory
at vendor/laravel/framework/src/Illuminate/Foundation/Bootstrap/HandleExceptions.php:256
at vendor/laravel/framework/src/Illuminate/Support/ServiceProvider.php:194
at vendor/laravel/framework/src/Illuminate/Support/ServiceProvider.php:194
at src/LocalizedRoutesPlusServiceProvider.php:34
at vendor/laravel/framework/src/Illuminate/Container/BoundMethod.php:36
at vendor/laravel/framework/src/Illuminate/Container/Util.php:43
at vendor/laravel/framework/src/Illuminate/Container/BoundMethod.php:96
at vendor/laravel/framework/src/Illuminate/Container/BoundMethod.php:35
at vendor/laravel/framework/src/Illuminate/Container/Container.php:754
at vendor/laravel/framework/src/Illuminate/Foundation/Application.php:1150
at vendor/laravel/framework/src/Illuminate/Foundation/Application.php:1131
at vendor/laravel/framework/src/Illuminate/Foundation/Application.php:1130
at vendor/laravel/framework/src/Illuminate/Foundation/Bootstrap/BootProviders.php:17
at vendor/orchestra/testbench-core/src/Concerns/CreatesApplication.php:558
at vendor/orchestra/testbench-core/src/Concerns/CreatesApplication.php:276
at vendor/orchestra/testbench-core/src/TestCase.php:121
at vendor/orchestra/testbench-core/src/Concerns/ApplicationTestingHooks.php:74
at vendor/orchestra/testbench-core/src/Concerns/Testing.php:43
at vendor/laravel/framework/src/Illuminate/Collections/helpers.php:236
at vendor/orchestra/sidekick/src/functions.php:87
at vendor/laravel/framework/src/Illuminate/Collections/helpers.php:236
at vendor/orchestra/testbench-core/src/Concerns/Testing.php:57
at vendor/orchestra/testbench-core/src/TestCase.php:50</error>
        </testcase>
        <testcase name="it set localized route name" file="tests/Feature/LocalizedRoutesTest.php::it set localized route name" class="Tests\Feature\LocalizedRoutesTest" classname="Tests.Feature.LocalizedRoutesTest" assertions="0" time="0.000000">
          <error type="ErrorException">it set localized route nameErrorException: require(/Users/kapasifulop/Documents/projektek/localized-routes-plus/src/routes/web.php): Failed to open stream: No such file or directory
at vendor/laravel/framework/src/Illuminate/Foundation/Bootstrap/HandleExceptions.php:256
at vendor/laravel/framework/src/Illuminate/Support/ServiceProvider.php:194
at vendor/laravel/framework/src/Illuminate/Support/ServiceProvider.php:194
at src/LocalizedRoutesPlusServiceProvider.php:34
at vendor/laravel/framework/src/Illuminate/Container/BoundMethod.php:36
at vendor/laravel/framework/src/Illuminate/Container/Util.php:43
at vendor/laravel/framework/src/Illuminate/Container/BoundMethod.php:96
at vendor/laravel/framework/src/Illuminate/Container/BoundMethod.php:35
at vendor/laravel/framework/src/Illuminate/Container/Container.php:754
at vendor/laravel/framework/src/Illuminate/Foundation/Application.php:1150
at vendor/laravel/framework/src/Illuminate/Foundation/Application.php:1131
at vendor/laravel/framework/src/Illuminate/Foundation/Application.php:1130
at vendor/laravel/framework/src/Illuminate/Foundation/Bootstrap/BootProviders.php:17
at vendor/orchestra/testbench-core/src/Concerns/CreatesApplication.php:558
at vendor/orchestra/testbench-core/src/Concerns/CreatesApplication.php:276
at vendor/orchestra/testbench-core/src/TestCase.php:121
at vendor/orchestra/testbench-core/src/Concerns/ApplicationTestingHooks.php:74
at vendor/orchestra/testbench-core/src/Concerns/Testing.php:43
at vendor/laravel/framework/src/Illuminate/Collections/helpers.php:236
at vendor/orchestra/sidekick/src/functions.php:87
at vendor/laravel/framework/src/Illuminate/Collections/helpers.php:236
at vendor/orchestra/testbench-core/src/Concerns/Testing.php:57
at vendor/orchestra/testbench-core/src/TestCase.php:50</error>
        </testcase>
        <testcase name="it works with PATCH routes" file="tests/Feature/LocalizedRoutesTest.php::it works with PATCH routes" class="Tests\Feature\LocalizedRoutesTest" classname="Tests.Feature.LocalizedRoutesTest" assertions="0" time="0.000000">
          <error type="ErrorException">it works with PATCH routesErrorException: require(/Users/kapasifulop/Documents/projektek/localized-routes-plus/src/routes/web.php): Failed to open stream: No such file or directory
at vendor/laravel/framework/src/Illuminate/Foundation/Bootstrap/HandleExceptions.php:256
at vendor/laravel/framework/src/Illuminate/Support/ServiceProvider.php:194
at vendor/laravel/framework/src/Illuminate/Support/ServiceProvider.php:194
at src/LocalizedRoutesPlusServiceProvider.php:34
at vendor/laravel/framework/src/Illuminate/Container/BoundMethod.php:36
at vendor/laravel/framework/src/Illuminate/Container/Util.php:43
at vendor/laravel/framework/src/Illuminate/Container/BoundMethod.php:96
at vendor/laravel/framework/src/Illuminate/Container/BoundMethod.php:35
at vendor/laravel/framework/src/Illuminate/Container/Container.php:754
at vendor/laravel/framework/src/Illuminate/Foundation/Application.php:1150
at vendor/laravel/framework/src/Illuminate/Foundation/Application.php:1131
at vendor/laravel/framework/src/Illuminate/Foundation/Application.php:1130
at vendor/laravel/framework/src/Illuminate/Foundation/Bootstrap/BootProviders.php:17
at vendor/orchestra/testbench-core/src/Concerns/CreatesApplication.php:558
at vendor/orchestra/testbench-core/src/Concerns/CreatesApplication.php:276
at vendor/orchestra/testbench-core/src/TestCase.php:121
at vendor/orchestra/testbench-core/src/Concerns/ApplicationTestingHooks.php:74
at vendor/orchestra/testbench-core/src/Concerns/Testing.php:43
at vendor/laravel/framework/src/Illuminate/Collections/helpers.php:236
at vendor/orchestra/sidekick/src/functions.php:87
at vendor/laravel/framework/src/Illuminate/Collections/helpers.php:236
at vendor/orchestra/testbench-core/src/Concerns/Testing.php:57
at vendor/orchestra/testbench-core/src/TestCase.php:50</error>
        </testcase>
        <testcase name="it creates routes for all locales" file="tests/Feature/LocalizedRoutesTest.php::it creates routes for all locales" class="Tests\Feature\LocalizedRoutesTest" classname="Tests.Feature.LocalizedRoutesTest" assertions="0" time="0.000000">
          <error type="ErrorException">it creates routes for all localesErrorException: require(/Users/kapasifulop/Documents/projektek/localized-routes-plus/src/routes/web.php): Failed to open stream: No such file or directory
at vendor/laravel/framework/src/Illuminate/Foundation/Bootstrap/HandleExceptions.php:256
at vendor/laravel/framework/src/Illuminate/Support/ServiceProvider.php:194
at vendor/laravel/framework/src/Illuminate/Support/ServiceProvider.php:194
at src/LocalizedRoutesPlusServiceProvider.php:34
at vendor/laravel/framework/src/Illuminate/Container/BoundMethod.php:36
at vendor/laravel/framework/src/Illuminate/Container/Util.php:43
at vendor/laravel/framework/src/Illuminate/Container/BoundMethod.php:96
at vendor/laravel/framework/src/Illuminate/Container/BoundMethod.php:35
at vendor/laravel/framework/src/Illuminate/Container/Container.php:754
at vendor/laravel/framework/src/Illuminate/Foundation/Application.php:1150
at vendor/laravel/framework/src/Illuminate/Foundation/Application.php:1131
at vendor/laravel/framework/src/Illuminate/Foundation/Application.php:1130
at vendor/laravel/framework/src/Illuminate/Foundation/Bootstrap/BootProviders.php:17
at vendor/orchestra/testbench-core/src/Concerns/CreatesApplication.php:558
at vendor/orchestra/testbench-core/src/Concerns/CreatesApplication.php:276
at vendor/orchestra/testbench-core/src/TestCase.php:121
at vendor/orchestra/testbench-core/src/Concerns/ApplicationTestingHooks.php:74
at vendor/orchestra/testbench-core/src/Concerns/Testing.php:43
at vendor/laravel/framework/src/Illuminate/Collections/helpers.php:236
at vendor/orchestra/sidekick/src/functions.php:87
at vendor/laravel/framework/src/Illuminate/Collections/helpers.php:236
at vendor/orchestra/testbench-core/src/Concerns/Testing.php:57
at vendor/orchestra/testbench-core/src/TestCase.php:50</error>
        </testcase>
        <testcase name="resource routes create routes for all locales with custom prefix" file="tests/Feature/LocalizedRoutesTest.php::resource routes create routes for all locales with custom prefix" class="Tests\Feature\LocalizedRoutesTest" classname="Tests.Feature.LocalizedRoutesTest" assertions="0" time="0.000000">
          <error type="ErrorException">resource routes create routes for all locales with custom prefixErrorException: require(/Users/kapasifulop/Documents/projektek/localized-routes-plus/src/routes/web.php): Failed to open stream: No such file or directory
at vendor/laravel/framework/src/Illuminate/Foundation/Bootstrap/HandleExceptions.php:256
at vendor/laravel/framework/src/Illuminate/Support/ServiceProvider.php:194
at vendor/laravel/framework/src/Illuminate/Support/ServiceProvider.php:194
at src/LocalizedRoutesPlusServiceProvider.php:34
at vendor/laravel/framework/src/Illuminate/Container/BoundMethod.php:36
at vendor/laravel/framework/src/Illuminate/Container/Util.php:43
at vendor/laravel/framework/src/Illuminate/Container/BoundMethod.php:96
at vendor/laravel/framework/src/Illuminate/Container/BoundMethod.php:35
at vendor/laravel/framework/src/Illuminate/Container/Container.php:754
at vendor/laravel/framework/src/Illuminate/Foundation/Application.php:1150
at vendor/laravel/framework/src/Illuminate/Foundation/Application.php:1131
at vendor/laravel/framework/src/Illuminate/Foundation/Application.php:1130
at vendor/laravel/framework/src/Illuminate/Foundation/Bootstrap/BootProviders.php:17
at vendor/orchestra/testbench-core/src/Concerns/CreatesApplication.php:558
at vendor/orchestra/testbench-core/src/Concerns/CreatesApplication.php:276
at vendor/orchestra/testbench-core/src/TestCase.php:121
at vendor/orchestra/testbench-core/src/Concerns/ApplicationTestingHooks.php:74
at vendor/orchestra/testbench-core/src/Concerns/Testing.php:43
at vendor/laravel/framework/src/Illuminate/Collections/helpers.php:236
at vendor/orchestra/sidekick/src/functions.php:87
at vendor/laravel/framework/src/Illuminate/Collections/helpers.php:236
at vendor/orchestra/testbench-core/src/Concerns/Testing.php:57
at vendor/orchestra/testbench-core/src/TestCase.php:50</error>
        </testcase>
        <testcase name="it can chain localized method after Route::get" file="tests/Feature/LocalizedRoutesTest.php::it can chain localized method after Route::get" class="Tests\Feature\LocalizedRoutesTest" classname="Tests.Feature.LocalizedRoutesTest" assertions="0" time="0.000000">
          <error type="ErrorException">it can chain localized method after Route::getErrorException: require(/Users/kapasifulop/Documents/projektek/localized-routes-plus/src/routes/web.php): Failed to open stream: No such file or directory
at vendor/laravel/framework/src/Illuminate/Foundation/Bootstrap/HandleExceptions.php:256
at vendor/laravel/framework/src/Illuminate/Support/ServiceProvider.php:194
at vendor/laravel/framework/src/Illuminate/Support/ServiceProvider.php:194
at src/LocalizedRoutesPlusServiceProvider.php:34
at vendor/laravel/framework/src/Illuminate/Container/BoundMethod.php:36
at vendor/laravel/framework/src/Illuminate/Container/Util.php:43
at vendor/laravel/framework/src/Illuminate/Container/BoundMethod.php:96
at vendor/laravel/framework/src/Illuminate/Container/BoundMethod.php:35
at vendor/laravel/framework/src/Illuminate/Container/Container.php:754
at vendor/laravel/framework/src/Illuminate/Foundation/Application.php:1150
at vendor/laravel/framework/src/Illuminate/Foundation/Application.php:1131
at vendor/laravel/framework/src/Illuminate/Foundation/Application.php:1130
at vendor/laravel/framework/src/Illuminate/Foundation/Bootstrap/BootProviders.php:17
at vendor/orchestra/testbench-core/src/Concerns/CreatesApplication.php:558
at vendor/orchestra/testbench-core/src/Concerns/CreatesApplication.php:276
at vendor/orchestra/testbench-core/src/TestCase.php:121
at vendor/orchestra/testbench-core/src/Concerns/ApplicationTestingHooks.php:74
at vendor/orchestra/testbench-core/src/Concerns/Testing.php:43
at vendor/laravel/framework/src/Illuminate/Collections/helpers.php:236
at vendor/orchestra/sidekick/src/functions.php:87
at vendor/laravel/framework/src/Illuminate/Collections/helpers.php:236
at vendor/orchestra/testbench-core/src/Concerns/Testing.php:57
at vendor/orchestra/testbench-core/src/TestCase.php:50</error>
        </testcase>
        <testcase name="it works with different call order" file="tests/Feature/LocalizedRoutesTest.php::it works with different call order" class="Tests\Feature\LocalizedRoutesTest" classname="Tests.Feature.LocalizedRoutesTest" assertions="0" time="0.000000">
          <error type="ErrorException">it works with different call orderErrorException: require(/Users/kapasifulop/Documents/projektek/localized-routes-plus/src/routes/web.php): Failed to open stream: No such file or directory
at vendor/laravel/framework/src/Illuminate/Foundation/Bootstrap/HandleExceptions.php:256
at vendor/laravel/framework/src/Illuminate/Support/ServiceProvider.php:194
at vendor/laravel/framework/src/Illuminate/Support/ServiceProvider.php:194
at src/LocalizedRoutesPlusServiceProvider.php:34
at vendor/laravel/framework/src/Illuminate/Container/BoundMethod.php:36
at vendor/laravel/framework/src/Illuminate/Container/Util.php:43
at vendor/laravel/framework/src/Illuminate/Container/BoundMethod.php:96
at vendor/laravel/framework/src/Illuminate/Container/BoundMethod.php:35
at vendor/laravel/framework/src/Illuminate/Container/Container.php:754
at vendor/laravel/framework/src/Illuminate/Foundation/Application.php:1150
at vendor/laravel/framework/src/Illuminate/Foundation/Application.php:1131
at vendor/laravel/framework/src/Illuminate/Foundation/Application.php:1130
at vendor/laravel/framework/src/Illuminate/Foundation/Bootstrap/BootProviders.php:17
at vendor/orchestra/testbench-core/src/Concerns/CreatesApplication.php:558
at vendor/orchestra/testbench-core/src/Concerns/CreatesApplication.php:276
at vendor/orchestra/testbench-core/src/TestCase.php:121
at vendor/orchestra/testbench-core/src/Concerns/ApplicationTestingHooks.php:74
at vendor/orchestra/testbench-core/src/Concerns/Testing.php:43
at vendor/laravel/framework/src/Illuminate/Collections/helpers.php:236
at vendor/orchestra/sidekick/src/functions.php:87
at vendor/laravel/framework/src/Illuminate/Collections/helpers.php:236
at vendor/orchestra/testbench-core/src/Concerns/Testing.php:57
at vendor/orchestra/testbench-core/src/TestCase.php:50</error>
        </testcase>
        <testcase name="resource routes create routes for all locales" file="tests/Feature/LocalizedRoutesTest.php::resource routes create routes for all locales" class="Tests\Feature\LocalizedRoutesTest" classname="Tests.Feature.LocalizedRoutesTest" assertions="0" time="0.000000">
          <error type="ErrorException">resource routes create routes for all localesErrorException: require(/Users/kapasifulop/Documents/projektek/localized-routes-plus/src/routes/web.php): Failed to open stream: No such file or directory
at vendor/laravel/framework/src/Illuminate/Foundation/Bootstrap/HandleExceptions.php:256
at vendor/laravel/framework/src/Illuminate/Support/ServiceProvider.php:194
at vendor/laravel/framework/src/Illuminate/Support/ServiceProvider.php:194
at src/LocalizedRoutesPlusServiceProvider.php:34
at vendor/laravel/framework/src/Illuminate/Container/BoundMethod.php:36
at vendor/laravel/framework/src/Illuminate/Container/Util.php:43
at vendor/laravel/framework/src/Illuminate/Container/BoundMethod.php:96
at vendor/laravel/framework/src/Illuminate/Container/BoundMethod.php:35
at vendor/laravel/framework/src/Illuminate/Container/Container.php:754
at vendor/laravel/framework/src/Illuminate/Foundation/Application.php:1150
at vendor/laravel/framework/src/Illuminate/Foundation/Application.php:1131
at vendor/laravel/framework/src/Illuminate/Foundation/Application.php:1130
at vendor/laravel/framework/src/Illuminate/Foundation/Bootstrap/BootProviders.php:17
at vendor/orchestra/testbench-core/src/Concerns/CreatesApplication.php:558
at vendor/orchestra/testbench-core/src/Concerns/CreatesApplication.php:276
at vendor/orchestra/testbench-core/src/TestCase.php:121
at vendor/orchestra/testbench-core/src/Concerns/ApplicationTestingHooks.php:74
at vendor/orchestra/testbench-core/src/Concerns/Testing.php:43
at vendor/laravel/framework/src/Illuminate/Collections/helpers.php:236
at vendor/orchestra/sidekick/src/functions.php:87
at vendor/laravel/framework/src/Illuminate/Collections/helpers.php:236
at vendor/orchestra/testbench-core/src/Concerns/Testing.php:57
at vendor/orchestra/testbench-core/src/TestCase.php:50</error>
        </testcase>
        <testcase name="it works with POST routes" file="tests/Feature/LocalizedRoutesTest.php::it works with POST routes" class="Tests\Feature\LocalizedRoutesTest" classname="Tests.Feature.LocalizedRoutesTest" assertions="0" time="0.000000">
          <error type="ErrorException">it works with POST routesErrorException: require(/Users/kapasifulop/Documents/projektek/localized-routes-plus/src/routes/web.php): Failed to open stream: No such file or directory
at vendor/laravel/framework/src/Illuminate/Foundation/Bootstrap/HandleExceptions.php:256
at vendor/laravel/framework/src/Illuminate/Support/ServiceProvider.php:194
at vendor/laravel/framework/src/Illuminate/Support/ServiceProvider.php:194
at src/LocalizedRoutesPlusServiceProvider.php:34
at vendor/laravel/framework/src/Illuminate/Container/BoundMethod.php:36
at vendor/laravel/framework/src/Illuminate/Container/Util.php:43
at vendor/laravel/framework/src/Illuminate/Container/BoundMethod.php:96
at vendor/laravel/framework/src/Illuminate/Container/BoundMethod.php:35
at vendor/laravel/framework/src/Illuminate/Container/Container.php:754
at vendor/laravel/framework/src/Illuminate/Foundation/Application.php:1150
at vendor/laravel/framework/src/Illuminate/Foundation/Application.php:1131
at vendor/laravel/framework/src/Illuminate/Foundation/Application.php:1130
at vendor/laravel/framework/src/Illuminate/Foundation/Bootstrap/BootProviders.php:17
at vendor/orchestra/testbench-core/src/Concerns/CreatesApplication.php:558
at vendor/orchestra/testbench-core/src/Concerns/CreatesApplication.php:276
at vendor/orchestra/testbench-core/src/TestCase.php:121
at vendor/orchestra/testbench-core/src/Concerns/ApplicationTestingHooks.php:74
at vendor/orchestra/testbench-core/src/Concerns/Testing.php:43
at vendor/laravel/framework/src/Illuminate/Collections/helpers.php:236
at vendor/orchestra/sidekick/src/functions.php:87
at vendor/laravel/framework/src/Illuminate/Collections/helpers.php:236
at vendor/orchestra/testbench-core/src/Concerns/Testing.php:57
at vendor/orchestra/testbench-core/src/TestCase.php:50</error>
        </testcase>
      </testsuite>
    </testsuite>
  </testsuite>
</testsuites>
